[2025-11-30T21:32:02.084+0100] {local_task_job_runner.py:123} INFO - ::group::Pre task execution logs
[2025-11-30T21:32:02.106+0100] {taskinstance.py:2612} INFO - Dependencies all met for dep_context=non-requeueable deps ti=<TaskInstance: meltano_irrigation_etl.run_meltano_etl manual__2025-11-30T20:32:00.753406+00:00 [queued]>
[2025-11-30T21:32:02.116+0100] {taskinstance.py:2612} INFO - Dependencies all met for dep_context=requeueable deps ti=<TaskInstance: meltano_irrigation_etl.run_meltano_etl manual__2025-11-30T20:32:00.753406+00:00 [queued]>
[2025-11-30T21:32:02.117+0100] {taskinstance.py:2865} INFO - Starting attempt 1 of 2
[2025-11-30T21:32:02.133+0100] {taskinstance.py:2888} INFO - Executing <Task(DockerOperator): run_meltano_etl> on 2025-11-30 20:32:00.753406+00:00
[2025-11-30T21:32:02.142+0100] {standard_task_runner.py:104} INFO - Running: ['***', 'tasks', 'run', 'meltano_irrigation_etl', 'run_meltano_etl', 'manual__2025-11-30T20:32:00.753406+00:00', '--job-id', '10', '--raw', '--subdir', 'DAGS_FOLDER/meltano_etl_dag.py', '--cfg-path', '/tmp/tmpaj6mf1yq']
[2025-11-30T21:32:02.146+0100] {standard_task_runner.py:105} INFO - Job 10: Subtask run_meltano_etl
[2025-11-30T21:32:02.147+0100] {logging_mixin.py:190} WARNING - /home/***/.local/lib/python3.12/site-packages/***/task/task_runner/standard_task_runner.py:70 DeprecationWarning: This process (pid=169) is multi-threaded, use of fork() may lead to deadlocks in the child.
[2025-11-30T21:32:02.148+0100] {standard_task_runner.py:72} INFO - Started process 170 to run task
[2025-11-30T21:32:02.224+0100] {task_command.py:467} INFO - Running <TaskInstance: meltano_irrigation_etl.run_meltano_etl manual__2025-11-30T20:32:00.753406+00:00 [running]> on host ec3772d8cb79
[2025-11-30T21:32:02.349+0100] {taskinstance.py:3131} INFO - Exporting env vars: AIRFLOW_CTX_DAG_OWNER='anaselkhabbaz' AIRFLOW_CTX_DAG_ID='meltano_irrigation_etl' AIRFLOW_CTX_TASK_ID='run_meltano_etl' AIRFLOW_CTX_EXECUTION_DATE='2025-11-30T20:32:00.753406+00:00' AIRFLOW_CTX_TRY_NUMBER='1' AIRFLOW_CTX_DAG_RUN_ID='manual__2025-11-30T20:32:00.753406+00:00'
[2025-11-30T21:32:02.351+0100] {taskinstance.py:731} INFO - ::endgroup::
[2025-11-30T21:32:02.439+0100] {docker.py:367} INFO - Starting docker container from image anaselkhabbaz/irrigation-etl:latest
[2025-11-30T21:32:06.319+0100] {docker.py:438} INFO - [2m2025-11-30T20:32:06.317280Z[0m [[32m[1minfo     [0m] [1mEnvironment 'dev' is active   [0m
[2025-11-30T21:32:14.557+0100] {docker.py:438} INFO - [2m2025-11-30T20:32:14.552961Z[0m [[32m[1minfo     [0m] [1mInstalling extractor 'tap-rest-api-msdk'[0m
[2025-11-30T21:32:14.624+0100] {docker.py:438} INFO - [2m2025-11-30T20:32:14.620838Z[0m [[32m[1minfo     [0m] [1mInstalling loader 'target-csv'[0m
[2025-11-30T21:32:14.731+0100] {docker.py:438} INFO - [2m2025-11-30T20:32:14.718376Z[0m [[32m[1minfo     [0m] [1mInstalling extractor 'tap-weatherapi-forecast'[0m
[2025-11-30T21:32:14.816+0100] {docker.py:438} INFO - [2m2025-11-30T20:32:14.776649Z[0m [[32m[1minfo     [0m] [1mInstalling utility 'weather-tools'[0m
[2025-11-30T21:32:14.852+0100] {docker.py:438} INFO - [2m2025-11-30T20:32:14.843781Z[0m [[32m[1minfo     [0m] [1mInstalling utility 'dbt-duckdb'[0m
[2025-11-30T21:40:01.845+0100] {docker.py:438} INFO - [2m2025-11-30T20:40:01.843031Z[0m [[32m[1minfo     [0m] [1mInstalled extractor 'tap-rest-api-msdk'[0m
[2025-11-30T21:40:04.392+0100] {docker.py:438} INFO - [2m2025-11-30T20:40:04.390393Z[0m [[32m[1minfo     [0m] [1mInstalled utility 'weather-tools'[0m
[2025-11-30T21:40:12.620+0100] {docker.py:438} INFO - [2m2025-11-30T20:40:12.619114Z[0m [[32m[1minfo     [0m] [1mInstalled loader 'target-csv' [0m
[2025-11-30T21:41:25.343+0100] {docker.py:438} INFO - [2m2025-11-30T20:41:25.341780Z[0m [[32m[1minfo     [0m] [1mInstalled extractor 'tap-weatherapi-forecast'[0m
[2025-11-30T21:46:32.925+0100] {docker.py:438} INFO - [2m2025-11-30T20:46:32.923758Z[0m [[32m[1minfo     [0m] [1mInstalled utility 'dbt-duckdb'[0m
[2025-11-30T21:46:32.926+0100] {docker.py:438} INFO - [2m2025-11-30T20:46:32.924188Z[0m [[32m[1minfo     [0m] [1mInstalled 5/7 plugins         [0m
[2025-11-30T21:46:32.927+0100] {docker.py:438} INFO - [2m2025-11-30T20:46:32.924424Z[0m [[32m[1minfo     [0m] [1mSkipped installing 2/7 plugins[0m
[2025-11-30T21:46:32.928+0100] {docker.py:438} INFO - [2m2025-11-30T20:46:32.925549Z[0m [[32m[1minfo     [0m] [1mRunning job with name 'dev:tap-rest-api-msdk-to-target-csv' and run ID '019ad677-4c0d-7f73-8353-5532316d8ec2'[0m
[2025-11-30T21:46:33.749+0100] {docker.py:438} INFO - [2m2025-11-30T20:46:33.748085Z[0m [[32m[1minfo     [0m] [1m/app/.meltano/extractors/tap-rest-api-msdk/venv/lib/python3.13/site-packages/fs/__init__.py:4: UserWarning: pkg_resources is deprecated as an API. See https://setuptools.pypa.io/en/latest/pkg_resources.html. The pkg_resources package is slated for removal as early as 2025-11-30. Refrain from using this package or pin to Setuptools<81.[0m [36mname[0m=[35mtap-rest-api-msdk[0m
[2025-11-30T21:46:33.750+0100] {docker.py:438} INFO - [2m2025-11-30T20:46:33.748397Z[0m [[32m[1minfo     [0m] [1m  __import__("pkg_resources").declare_namespace(__name__)  # type: ignore[0m [36mname[0m=[35mtap-rest-api-msdk[0m
[2025-11-30T21:46:34.390+0100] {docker.py:438} INFO - [2m2025-11-30T20:46:34.388944Z[0m [[32m[1minfo     [0m] [1mtarget-csv v0.2.1, Meltano SDK v0.50.2[0m [36mname[0m=[35mtarget-csv[0m
[2025-11-30T21:46:34.391+0100] {docker.py:438} INFO - [2m2025-11-30T20:46:34.389258Z[0m [[32m[1minfo     [0m] [1mSkipping parse of env var settings...[0m [36mname[0m=[35mtarget-csv[0m
[2025-11-30T21:46:35.260+0100] {docker.py:438} INFO - [2m2025-11-30T20:46:35.258127Z[0m [[32m[1minfo     [0m] [1mFound schema in config, not doing discovery.[0m [36mname[0m=[35mtap-rest-api-msdk[0m
[2025-11-30T21:46:35.261+0100] {docker.py:438} INFO - [2m2025-11-30T20:46:35.260117Z[0m [[32m[1minfo     [0m] [1mBeginning full_table sync of 'weather_daily'...[0m [36mname[0m=[35mtap-rest-api-msdk[0m
[2025-11-30T21:46:35.263+0100] {docker.py:438} INFO - [2m2025-11-30T20:46:35.260516Z[0m [[32m[1minfo     [0m] [1mTap has custom mapper. Using 1 provided map(s).[0m [36mname[0m=[35mtap-rest-api-msdk[0m
[2025-11-30T21:46:35.263+0100] {docker.py:438} INFO - [2m2025-11-30T20:46:35.260900Z[0m [[32m[1minfo     [0m] [1mthe next_page_token_jsonpath = $.next_page.[0m [36mname[0m=[35mtap-rest-api-msdk[0m
[2025-11-30T21:46:35.271+0100] {docker.py:438} INFO - [2m2025-11-30T20:46:35.270317Z[0m [[32m[1minfo     [0m] [1mWriting to destination file '/app/raw/weather_daily.csv'...[0m [36mname[0m=[35mtarget-csv[0m
[2025-11-30T21:46:42.997+0100] {docker.py:438} INFO - [2m2025-11-30T20:46:42.995461Z[0m [[32m[1minfo     [0m] [1mMETRIC: {"type": "timer", "metric": "http_request_duration", "value": 7.732528, "tags": {"stream": "weather_daily", "endpoint": "/point/daily", "http_status_code": 200, "status": "succeeded"}}[0m [36mname[0m=[35mtap-rest-api-msdk[0m
[2025-11-30T21:46:43.040+0100] {docker.py:438} INFO - [2m2025-11-30T20:46:43.039153Z[0m [[32m[1minfo     [0m] [1mJSONPath $.data[*] match count: 701[0m [36mname[0m=[35mtap-rest-api-msdk[0m
[2025-11-30T21:46:43.188+0100] {docker.py:438} INFO - [2m2025-11-30T20:46:43.186468Z[0m [[32m[1minfo     [0m] [1mJSONPath $.next_page match count: 0[0m [36mname[0m=[35mtap-rest-api-msdk[0m
[2025-11-30T21:46:43.189+0100] {docker.py:438} INFO - [2m2025-11-30T20:46:43.186918Z[0m [[32m[1minfo     [0m] [1mMETRIC: {"type": "counter", "metric": "http_request_count", "value": 1, "tags": {"stream": "weather_daily", "endpoint": "/point/daily", "pid": 238}}[0m [36mname[0m=[35mtap-rest-api-msdk[0m
[2025-11-30T21:46:43.190+0100] {docker.py:438} INFO - [2m2025-11-30T20:46:43.187500Z[0m [[32m[1minfo     [0m] [1mMETRIC: {"type": "timer", "metric": "sync_duration", "value": 7.916187524795532, "tags": {"stream": "weather_daily", "pid": 238, "context": {}, "status": "succeeded"}}[0m [36mname[0m=[35mtap-rest-api-msdk[0m
[2025-11-30T21:46:43.191+0100] {docker.py:438} INFO - [2m2025-11-30T20:46:43.187979Z[0m [[32m[1minfo     [0m] [1mMETRIC: {"type": "counter", "metric": "record_count", "value": 701, "tags": {"stream": "weather_daily", "pid": 238, "context": {}}}[0m [36mname[0m=[35mtap-rest-api-msdk[0m
[2025-11-30T21:46:43.342+0100] {docker.py:438} INFO - [2m2025-11-30T20:46:43.340661Z[0m [[32m[1minfo     [0m] [1mReader 'target-csv' completed processing 704 lines of input (1 schemas, 701 records, 0 batch manifests, 2 state messages, 0 activate version messages).[0m [36mname[0m=[35mtarget-csv[0m
[2025-11-30T21:46:43.353+0100] {docker.py:438} INFO - [2m2025-11-30T20:46:43.352499Z[0m [[32m[1minfo     [0m] [1mAppending 701 records to file...[0m [36mname[0m=[35mtarget-csv[0m
[2025-11-30T21:46:43.359+0100] {docker.py:438} INFO - [2m2025-11-30T20:46:43.357661Z[0m [[32m[1minfo     [0m] [1mMETRIC                        [0m [36mmetric_name[0m=[35mbatch_processing_time[0m [36mmetric_value[0m=[35m0.00507044792175293[0m [36mname[0m=[35mtarget-csv[0m
[2025-11-30T21:46:43.366+0100] {docker.py:438} INFO - [2m2025-11-30T20:46:43.364527Z[0m [[32m[1minfo     [0m] [1mMETRIC                        [0m [36mmetric_name[0m=[35mrecord_count[0m [36mmetric_value[0m=[35m701[0m [36mname[0m=[35mtarget-csv[0m
[2025-11-30T21:46:43.376+0100] {docker.py:438} INFO - [2m2025-11-30T20:46:43.374745Z[0m [[32m[1minfo     [0m] [1mUsing systemdb state backend  [0m
[2025-11-30T21:46:43.383+0100] {docker.py:438} INFO - [2m2025-11-30T20:46:43.382280Z[0m [[32m[1minfo     [0m] [1mIncremental state has been updated at 2025-11-30 20:46:43.382247+00:00.[0m
[2025-11-30T21:46:43.463+0100] {docker.py:438} INFO - [2m2025-11-30T20:46:43.462009Z[0m [[32m[1minfo     [0m] [1mBlock run completed           [0m
[2025-11-30T21:46:43.465+0100] {docker.py:438} INFO - [2m2025-11-30T20:46:43.463059Z[0m [[32m[1minfo     [0m] [1mRunning job with name 'dev:tap-weatherapi-forecast-to-target-csv' and run ID '019ad677-4c0d-7f73-8353-5532316d8ec2'[0m
[2025-11-30T21:46:44.059+0100] {docker.py:438} INFO - [2m2025-11-30T20:46:44.058166Z[0m [[32m[1minfo     [0m] [1mtarget-csv v0.2.1, Meltano SDK v0.50.2[0m [36mname[0m=[35mtarget-csv[0m
[2025-11-30T21:46:44.060+0100] {docker.py:438} INFO - [2m2025-11-30T20:46:44.058562Z[0m [[32m[1minfo     [0m] [1mSkipping parse of env var settings...[0m [36mname[0m=[35mtarget-csv[0m
[2025-11-30T21:46:44.259+0100] {docker.py:438} INFO - [2m2025-11-30T20:46:44.257535Z[0m [[32m[1minfo     [0m] [1m/app/.meltano/extractors/tap-weatherapi-forecast/venv/lib/python3.13/site-packages/fs/__init__.py:4: UserWarning: pkg_resources is deprecated as an API. See https://setuptools.pypa.io/en/latest/pkg_resources.html. The pkg_resources package is slated for removal as early as 2025-11-30. Refrain from using this package or pin to Setuptools<81.[0m [36mname[0m=[35mtap-weatherapi-forecast[0m
[2025-11-30T21:46:44.259+0100] {docker.py:438} INFO - [2m2025-11-30T20:46:44.257860Z[0m [[32m[1minfo     [0m] [1m  __import__("pkg_resources").declare_namespace(__name__)  # type: ignore[0m [36mname[0m=[35mtap-weatherapi-forecast[0m
[2025-11-30T21:46:45.617+0100] {docker.py:438} INFO - [2m2025-11-30T20:46:45.615977Z[0m [[32m[1minfo     [0m] [1mFound schema in config, not doing discovery.[0m [36mname[0m=[35mtap-weatherapi-forecast[0m
[2025-11-30T21:46:45.619+0100] {docker.py:438} INFO - [2m2025-11-30T20:46:45.617871Z[0m [[32m[1minfo     [0m] [1mBeginning full_table sync of 'weather_forecast_daily'...[0m [36mname[0m=[35mtap-weatherapi-forecast[0m
[2025-11-30T21:46:45.620+0100] {docker.py:438} INFO - [2m2025-11-30T20:46:45.618288Z[0m [[32m[1minfo     [0m] [1mTap has custom mapper. Using 1 provided map(s).[0m [36mname[0m=[35mtap-weatherapi-forecast[0m
[2025-11-30T21:46:45.621+0100] {docker.py:438} INFO - [2m2025-11-30T20:46:45.618598Z[0m [[32m[1minfo     [0m] [1mthe next_page_token_jsonpath = $.next_page.[0m [36mname[0m=[35mtap-weatherapi-forecast[0m
[2025-11-30T21:46:45.627+0100] {docker.py:438} INFO - [2m2025-11-30T20:46:45.625471Z[0m [[32m[1minfo     [0m] [1mWriting to destination file '/app/raw/weather_forecast_daily.csv'...[0m [36mname[0m=[35mtarget-csv[0m
[2025-11-30T21:46:51.095+0100] {docker.py:438} INFO - [2m2025-11-30T20:46:51.089484Z[0m [[32m[1minfo     [0m] [1mMETRIC: {"type": "timer", "metric": "http_request_duration", "value": 5.464717, "tags": {"stream": "weather_forecast_daily", "endpoint": "/forecast.json", "http_status_code": 200, "status": "succeeded"}}[0m [36mname[0m=[35mtap-weatherapi-forecast[0m
[2025-11-30T21:46:51.145+0100] {docker.py:438} INFO - [2m2025-11-30T20:46:51.143670Z[0m [[32m[1minfo     [0m] [1mJSONPath $.forecast.forecastday[*] match count: 3[0m [36mname[0m=[35mtap-weatherapi-forecast[0m
[2025-11-30T21:46:51.146+0100] {docker.py:438} INFO - [2m2025-11-30T20:46:51.144197Z[0m [[32m[1minfo     [0m] [1mProperties ('day_maxtemp_f', 'day_mintemp_f', 'day_avgtemp_f', 'day_maxwind_mph', 'day_maxwind_kph', 'day_totalprecip_in', 'day_totalsnow_cm', 'day_avgvis_km', 'day_avgvis_miles', 'day_daily_will_it_rain', 'day_daily_chance_of_rain', 'day_daily_will_it_snow', 'day_daily_chance_of_snow', 'day_condition_icon', 'day_condition_code', 'astro_sunrise', 'astro_sunset', 'astro_moonrise', 'astro_moonset', 'astro_moon_phase', 'astro_moon_illumination', 'astro_is_moon_up', 'astro_is_sun_up', 'hour') were present in the 'weather_forecast_daily' stream but not found in catalog schema. Ignoring.[0m [36mname[0m=[35mtap-weatherapi-forecast[0m
[2025-11-30T21:46:51.167+0100] {docker.py:438} INFO - [2m2025-11-30T20:46:51.165942Z[0m [[32m[1minfo     [0m] [1mJSONPath $.next_page match count: 0[0m [36mname[0m=[35mtap-weatherapi-forecast[0m
[2025-11-30T21:46:51.168+0100] {docker.py:438} INFO - [2m2025-11-30T20:46:51.166323Z[0m [[32m[1minfo     [0m] [1mMETRIC: {"type": "counter", "metric": "http_request_count", "value": 1, "tags": {"stream": "weather_forecast_daily", "endpoint": "/forecast.json", "pid": 251}}[0m [36mname[0m=[35mtap-weatherapi-forecast[0m
[2025-11-30T21:46:51.168+0100] {docker.py:438} INFO - [2m2025-11-30T20:46:51.166604Z[0m [[32m[1minfo     [0m] [1mMETRIC: {"type": "timer", "metric": "sync_duration", "value": 5.5479326248168945, "tags": {"stream": "weather_forecast_daily", "pid": 251, "context": {}, "status": "succeeded"}}[0m [36mname[0m=[35mtap-weatherapi-forecast[0m
[2025-11-30T21:46:51.169+0100] {docker.py:438} INFO - [2m2025-11-30T20:46:51.166881Z[0m [[32m[1minfo     [0m] [1mMETRIC: {"type": "counter", "metric": "record_count", "value": 3, "tags": {"stream": "weather_forecast_daily", "pid": 251, "context": {}}}[0m [36mname[0m=[35mtap-weatherapi-forecast[0m
[2025-11-30T21:46:51.338+0100] {docker.py:438} INFO - [2m2025-11-30T20:46:51.336667Z[0m [[32m[1minfo     [0m] [1mReader 'target-csv' completed processing 6 lines of input (1 schemas, 3 records, 0 batch manifests, 2 state messages, 0 activate version messages).[0m [36mname[0m=[35mtarget-csv[0m
[2025-11-30T21:46:51.343+0100] {docker.py:438} INFO - [2m2025-11-30T20:46:51.342219Z[0m [[32m[1minfo     [0m] [1mAppending 3 records to file...[0m [36mname[0m=[35mtarget-csv[0m
[2025-11-30T21:46:51.344+0100] {docker.py:438} INFO - [2m2025-11-30T20:46:51.343357Z[0m [[32m[1minfo     [0m] [1mMETRIC                        [0m [36mmetric_name[0m=[35mbatch_processing_time[0m [36mmetric_value[0m=[35m0.001058816909790039[0m [36mname[0m=[35mtarget-csv[0m
[2025-11-30T21:46:51.355+0100] {docker.py:438} INFO - [2m2025-11-30T20:46:51.354033Z[0m [[32m[1minfo     [0m] [1mMETRIC                        [0m [36mmetric_name[0m=[35mrecord_count[0m [36mmetric_value[0m=[35m3[0m [36mname[0m=[35mtarget-csv[0m
[2025-11-30T21:46:51.375+0100] {docker.py:438} INFO - [2m2025-11-30T20:46:51.373705Z[0m [[32m[1minfo     [0m] [1mUsing systemdb state backend  [0m
[2025-11-30T21:46:51.385+0100] {docker.py:438} INFO - [2m2025-11-30T20:46:51.383149Z[0m [[32m[1minfo     [0m] [1mIncremental state has been updated at 2025-11-30 20:46:51.383072+00:00.[0m
[2025-11-30T21:46:51.443+0100] {docker.py:438} INFO - [2m2025-11-30T20:46:51.441989Z[0m [[32m[1minfo     [0m] [1mBlock run completed           [0m
[2025-11-30T21:46:51.481+0100] {docker.py:438} INFO - [2m2025-11-30T20:46:51.479825Z[0m [[32m[1minfo     [0m] [1m[ok] Cleaned CSV: /app/raw/weather_daily.csv[0m [36mname[0m=[35mweather-tools[0m
[2025-11-30T21:46:51.487+0100] {docker.py:438} INFO - [2m2025-11-30T20:46:51.486228Z[0m [[32m[1minfo     [0m] [1mBlock run completed           [0m
[2025-11-30T21:46:53.465+0100] {docker.py:438} INFO - [2m2025-11-30T20:46:53.464286Z[0m [[32m[1minfo     [0m] [1m[INFO] Cleaning forecast CSV: ./raw/weather_forecast_daily.csv[0m [36mname[0m=[35mweather-tools[0m
[2025-11-30T21:46:53.471+0100] {docker.py:438} INFO - [2m2025-11-30T20:46:53.464683Z[0m [[32m[1minfo     [0m] [1m[INFO] Cleaning done, file overwritten.[0m [36mname[0m=[35mweather-tools[0m
[2025-11-30T21:46:53.556+0100] {docker.py:438} INFO - [2m2025-11-30T20:46:53.554319Z[0m [[32m[1minfo     [0m] [1mBlock run completed           [0m
[2025-11-30T21:47:01.745+0100] {docker.py:438} INFO - [2m2025-11-30T20:47:01.743428Z[0m [[32m[1minfo     [0m] [1mExtension executing `dbt clean`...[0m [36mname[0m=[35mdbt-duckdb[0m
[2025-11-30T21:47:06.219+0100] {docker.py:438} INFO - [2m2025-11-30T20:47:06.217623Z[0m [[32m[1minfo     [0m] [1m[0m20:47:06  Running with dbt=1.10.15[0m [36mname[0m=[35mdbt-duckdb[0m
[2025-11-30T21:47:06.470+0100] {docker.py:438} INFO - [2m2025-11-30T20:47:06.468631Z[0m [[32m[1minfo     [0m] [1m[0m20:47:06  Checking /app/transform/transform/target/*[0m [36mname[0m=[35mdbt-duckdb[0m
[2025-11-30T21:47:06.490+0100] {docker.py:438} INFO - [2m2025-11-30T20:47:06.488320Z[0m [[32m[1minfo     [0m] [1m[0m20:47:06  Cleaned /app/transform/transform/target/*[0m [36mname[0m=[35mdbt-duckdb[0m
[2025-11-30T21:47:06.491+0100] {docker.py:438} INFO - [2m2025-11-30T20:47:06.488897Z[0m [[32m[1minfo     [0m] [1m[0m20:47:06  Finished cleaning all paths.[0m [36mname[0m=[35mdbt-duckdb[0m
[2025-11-30T21:47:09.294+0100] {docker.py:438} INFO - [2m2025-11-30T20:47:09.292342Z[0m [[32m[1minfo     [0m] [1mExtension executing `dbt deps`...[0m [36mname[0m=[35mdbt-duckdb[0m
[2025-11-30T21:47:12.420+0100] {docker.py:438} INFO - [2m2025-11-30T20:47:12.418244Z[0m [[32m[1minfo     [0m] [1m[0m20:47:12  Running with dbt=1.10.15[0m [36mname[0m=[35mdbt-duckdb[0m
[2025-11-30T21:47:12.654+0100] {docker.py:438} INFO - [2m2025-11-30T20:47:12.652527Z[0m [[32m[1minfo     [0m] [1m[0m20:47:12  Warning: No packages were found in packages.yml[0m [36mname[0m=[35mdbt-duckdb[0m
[2025-11-30T21:47:12.658+0100] {docker.py:438} INFO - [2m2025-11-30T20:47:12.656818Z[0m [[32m[1minfo     [0m] [1m[0m20:47:12  Warning: No packages were found in packages.yml[0m [36mname[0m=[35mdbt-duckdb[0m
[2025-11-30T21:47:13.860+0100] {docker.py:438} INFO - [2m2025-11-30T20:47:13.859517Z[0m [[32m[1minfo     [0m] [1mExtension executing `dbt run`...[0m [36mname[0m=[35mdbt-duckdb[0m
[2025-11-30T21:47:16.013+0100] {docker.py:438} INFO - [2m2025-11-30T20:47:16.011397Z[0m [[32m[1minfo     [0m] [1m[0m20:47:16  Running with dbt=1.10.15[0m [36mname[0m=[35mdbt-duckdb[0m
[2025-11-30T21:47:16.442+0100] {docker.py:438} INFO - [2m2025-11-30T20:47:16.440694Z[0m [[32m[1minfo     [0m] [1m[0m20:47:16  Registered adapter: duckdb=1.10.0[0m [36mname[0m=[35mdbt-duckdb[0m
[2025-11-30T21:47:16.558+0100] {docker.py:438} INFO - [2m2025-11-30T20:47:16.556591Z[0m [[32m[1minfo     [0m] [1m[0m20:47:16  Unable to do partial parsing because saved manifest not found. Starting full parse.[0m [36mname[0m=[35mdbt-duckdb[0m
[2025-11-30T21:47:19.351+0100] {docker.py:438} INFO - [2m2025-11-30T20:47:19.349525Z[0m [[32m[1minfo     [0m] [1m[0m20:47:19  Found 6 models, 2 data tests, 468 macros[0m [36mname[0m=[35mdbt-duckdb[0m
[2025-11-30T21:47:19.355+0100] {docker.py:438} INFO - [2m2025-11-30T20:47:19.353649Z[0m [[32m[1minfo     [0m] [1m[0m20:47:19                  [0m [36mname[0m=[35mdbt-duckdb[0m
[2025-11-30T21:47:19.356+0100] {docker.py:438} INFO - [2m2025-11-30T20:47:19.354167Z[0m [[32m[1minfo     [0m] [1m[0m20:47:19  Concurrency: 4 threads (target='dev')[0m [36mname[0m=[35mdbt-duckdb[0m
[2025-11-30T21:47:19.357+0100] {docker.py:438} INFO - [2m2025-11-30T20:47:19.355039Z[0m [[32m[1minfo     [0m] [1m[0m20:47:19                  [0m [36mname[0m=[35mdbt-duckdb[0m
[2025-11-30T21:47:19.646+0100] {docker.py:438} INFO - [2m2025-11-30T20:47:19.644131Z[0m [[32m[1minfo     [0m] [1m[0m20:47:19  2 of 6 START sql view model main.src_weather_forecast_daily .................... [RUN][0m [36mname[0m=[35mdbt-duckdb[0m
[2025-11-30T21:47:19.647+0100] {docker.py:438} INFO - [2m2025-11-30T20:47:19.645924Z[0m [[32m[1minfo     [0m] [1m[0m20:47:19  1 of 6 START sql table model main.src_weather_daily ............................ [RUN][0m [36mname[0m=[35mdbt-duckdb[0m
[2025-11-30T21:47:20.162+0100] {docker.py:438} INFO - [2m2025-11-30T20:47:20.160074Z[0m [[32m[1minfo     [0m] [1m[0m20:47:20  2 of 6 OK created sql view model main.src_weather_forecast_daily ............... [[32mOK[0m in 0.50s][0m [36mname[0m=[35mdbt-duckdb[0m
[2025-11-30T21:47:20.173+0100] {docker.py:438} INFO - [2m2025-11-30T20:47:20.171583Z[0m [[32m[1minfo     [0m] [1m[0m20:47:20  1 of 6 OK created sql table model main.src_weather_daily ....................... [[32mOK[0m in 0.50s][0m [36mname[0m=[35mdbt-duckdb[0m
[2025-11-30T21:47:20.177+0100] {docker.py:438} INFO - [2m2025-11-30T20:47:20.174628Z[0m [[32m[1minfo     [0m] [1m[0m20:47:20  3 of 6 START sql table model main.stg_weather_forecast_daily ................... [RUN][0m [36mname[0m=[35mdbt-duckdb[0m
[2025-11-30T21:47:20.193+0100] {docker.py:438} INFO - [2m2025-11-30T20:47:20.191362Z[0m [[32m[1minfo     [0m] [1m[0m20:47:20  4 of 6 START sql view model main.stg_weather_daily ............................. [RUN][0m [36mname[0m=[35mdbt-duckdb[0m
[2025-11-30T21:47:20.399+0100] {docker.py:438} INFO - [2m2025-11-30T20:47:20.397012Z[0m [[32m[1minfo     [0m] [1m[0m20:47:20  4 of 6 OK created sql view model main.stg_weather_daily ........................ [[32mOK[0m in 0.20s][0m [36mname[0m=[35mdbt-duckdb[0m
[2025-11-30T21:47:20.418+0100] {docker.py:438} INFO - [2m2025-11-30T20:47:20.416003Z[0m [[32m[1minfo     [0m] [1m[0m20:47:20  5 of 6 START sql table model main.mart_weather_features ........................ [RUN][0m [36mname[0m=[35mdbt-duckdb[0m
[2025-11-30T21:47:20.456+0100] {docker.py:438} INFO - [2m2025-11-30T20:47:20.453410Z[0m [[32m[1minfo     [0m] [1m[0m20:47:20  3 of 6 OK created sql table model main.stg_weather_forecast_daily .............. [[32mOK[0m in 0.27s][0m [36mname[0m=[35mdbt-duckdb[0m
[2025-11-30T21:47:20.666+0100] {docker.py:438} INFO - [2m2025-11-30T20:47:20.662469Z[0m [[32m[1minfo     [0m] [1m[0m20:47:20  5 of 6 OK created sql table model main.mart_weather_features ................... [[32mOK[0m in 0.24s][0m [36mname[0m=[35mdbt-duckdb[0m
[2025-11-30T21:47:20.674+0100] {docker.py:438} INFO - [2m2025-11-30T20:47:20.671996Z[0m [[32m[1minfo     [0m] [1m[0m20:47:20  6 of 6 START sql table model main.mart_irrigation_calendar ..................... [RUN][0m [36mname[0m=[35mdbt-duckdb[0m
[2025-11-30T21:47:20.879+0100] {docker.py:438} INFO - [2m2025-11-30T20:47:20.876552Z[0m [[32m[1minfo     [0m] [1m[0m20:47:20  6 of 6 OK created sql table model main.mart_irrigation_calendar ................ [[32mOK[0m in 0.20s][0m [36mname[0m=[35mdbt-duckdb[0m
[2025-11-30T21:47:20.900+0100] {docker.py:438} INFO - [2m2025-11-30T20:47:20.897962Z[0m [[32m[1minfo     [0m] [1m[0m20:47:20                  [0m [36mname[0m=[35mdbt-duckdb[0m
[2025-11-30T21:47:20.901+0100] {docker.py:438} INFO - [2m2025-11-30T20:47:20.898926Z[0m [[32m[1minfo     [0m] [1m[0m20:47:20  Finished running 4 table models, 2 view models in 0 hours 0 minutes and 1.54 seconds (1.54s).[0m [36mname[0m=[35mdbt-duckdb[0m
[2025-11-30T21:47:20.987+0100] {docker.py:438} INFO - [2m2025-11-30T20:47:20.983254Z[0m [[32m[1minfo     [0m] [1m[0m20:47:20                  [0m [36mname[0m=[35mdbt-duckdb[0m
[2025-11-30T21:47:20.988+0100] {docker.py:438} INFO - [2m2025-11-30T20:47:20.984257Z[0m [[32m[1minfo     [0m] [1m[0m20:47:20  [32mCompleted successfully[0m[0m [36mname[0m=[35mdbt-duckdb[0m
[2025-11-30T21:47:20.990+0100] {docker.py:438} INFO - [2m2025-11-30T20:47:20.986989Z[0m [[32m[1minfo     [0m] [1m[0m20:47:20                  [0m [36mname[0m=[35mdbt-duckdb[0m
[2025-11-30T21:47:20.991+0100] {docker.py:438} INFO - [2m2025-11-30T20:47:20.988889Z[0m [[32m[1minfo     [0m] [1m[0m20:47:20  Done. PASS=6 WARN=0 ERROR=0 SKIP=0 NO-OP=0 TOTAL=6[0m [36mname[0m=[35mdbt-duckdb[0m
[2025-11-30T21:47:22.887+0100] {docker.py:438} INFO - [2m2025-11-30T20:47:22.886234Z[0m [[32m[1minfo     [0m] [1mBlock run completed           [0m
[2025-11-30T21:47:22.888+0100] {docker.py:438} INFO - [2m2025-11-30T20:47:22.886917Z[0m [[32m[1minfo     [0m] [1mRun completed                 [0m
[2025-11-30T21:47:25.434+0100] {taskinstance.py:340} INFO - ::group::Post task execution logs
[2025-11-30T21:47:25.435+0100] {taskinstance.py:352} INFO - Marking task as SUCCESS. dag_id=meltano_irrigation_etl, task_id=run_meltano_etl, run_id=manual__2025-11-30T20:32:00.753406+00:00, execution_date=20251130T203200, start_date=20251130T203202, end_date=20251130T204725
[2025-11-30T21:47:25.479+0100] {local_task_job_runner.py:266} INFO - Task exited with return code 0
[2025-11-30T21:47:25.536+0100] {taskinstance.py:3900} INFO - 0 downstream tasks scheduled from follow-on schedule check
[2025-11-30T21:47:25.541+0100] {local_task_job_runner.py:245} INFO - ::endgroup::
