[2025-12-01T01:49:36.137+0100] {processor.py:186} INFO - Started process (PID=2120) to work on /opt/airflow/dags/meltano_etl_dag.py
[2025-12-01T01:49:36.153+0100] {processor.py:914} INFO - Processing file /opt/airflow/dags/meltano_etl_dag.py for tasks to queue
[2025-12-01T01:49:36.173+0100] {logging_mixin.py:190} INFO - [2025-12-01T01:49:36.172+0100] {dagbag.py:588} INFO - Filling up the DagBag from /opt/airflow/dags/meltano_etl_dag.py
[2025-12-01T01:49:38.038+0100] {processor.py:925} INFO - DAG(s) 'meltano_irrigation_etl' retrieved from /opt/airflow/dags/meltano_etl_dag.py
[2025-12-01T01:49:38.276+0100] {logging_mixin.py:190} INFO - [2025-12-01T01:49:38.275+0100] {dag.py:3239} INFO - Sync 1 DAGs
[2025-12-01T01:49:38.524+0100] {logging_mixin.py:190} INFO - [2025-12-01T01:49:38.521+0100] {dag.py:4180} INFO - Setting next_dagrun for meltano_irrigation_etl to 2025-12-01 00:00:00+00:00, run_after=2025-12-02 00:00:00+00:00
[2025-12-01T01:49:38.668+0100] {processor.py:208} INFO - Processing /opt/airflow/dags/meltano_etl_dag.py took 2.588 seconds
[2025-12-01T04:49:54.732+0100] {processor.py:186} INFO - Started process (PID=2128) to work on /opt/airflow/dags/meltano_etl_dag.py
[2025-12-01T04:49:54.750+0100] {processor.py:914} INFO - Processing file /opt/airflow/dags/meltano_etl_dag.py for tasks to queue
[2025-12-01T04:49:54.773+0100] {logging_mixin.py:190} INFO - [2025-12-01T04:49:54.772+0100] {dagbag.py:588} INFO - Filling up the DagBag from /opt/airflow/dags/meltano_etl_dag.py
[2025-12-01T04:49:56.316+0100] {processor.py:925} INFO - DAG(s) 'meltano_irrigation_etl' retrieved from /opt/airflow/dags/meltano_etl_dag.py
[2025-12-01T04:49:56.638+0100] {logging_mixin.py:190} INFO - [2025-12-01T04:49:56.637+0100] {dag.py:3239} INFO - Sync 1 DAGs
[2025-12-01T04:49:56.901+0100] {logging_mixin.py:190} INFO - [2025-12-01T04:49:56.900+0100] {dag.py:4180} INFO - Setting next_dagrun for meltano_irrigation_etl to 2025-12-01 00:00:00+00:00, run_after=2025-12-02 00:00:00+00:00
[2025-12-01T04:49:57.046+0100] {processor.py:208} INFO - Processing /opt/airflow/dags/meltano_etl_dag.py took 2.368 seconds
[2025-12-01T10:56:32.324+0100] {processor.py:186} INFO - Started process (PID=2133) to work on /opt/airflow/dags/meltano_etl_dag.py
[2025-12-01T10:56:32.329+0100] {processor.py:914} INFO - Processing file /opt/airflow/dags/meltano_etl_dag.py for tasks to queue
[2025-12-01T10:56:32.360+0100] {logging_mixin.py:190} INFO - [2025-12-01T10:56:32.356+0100] {dagbag.py:588} INFO - Filling up the DagBag from /opt/airflow/dags/meltano_etl_dag.py
[2025-12-01T10:56:32.430+0100] {processor.py:925} INFO - DAG(s) 'meltano_irrigation_etl' retrieved from /opt/airflow/dags/meltano_etl_dag.py
[2025-12-01T10:56:32.531+0100] {logging_mixin.py:190} INFO - [2025-12-01T10:56:32.531+0100] {dag.py:3239} INFO - Sync 1 DAGs
[2025-12-01T10:56:32.656+0100] {logging_mixin.py:190} INFO - [2025-12-01T10:56:32.656+0100] {dag.py:4180} INFO - Setting next_dagrun for meltano_irrigation_etl to 2025-12-01 00:00:00+00:00, run_after=2025-12-02 00:00:00+00:00
[2025-12-01T10:56:32.722+0100] {processor.py:208} INFO - Processing /opt/airflow/dags/meltano_etl_dag.py took 0.442 seconds
[2025-12-01T10:56:44.130+0100] {processor.py:186} INFO - Started process (PID=2138) to work on /opt/airflow/dags/meltano_etl_dag.py
[2025-12-01T10:56:44.255+0100] {processor.py:914} INFO - Processing file /opt/airflow/dags/meltano_etl_dag.py for tasks to queue
[2025-12-01T10:56:44.411+0100] {logging_mixin.py:190} INFO - [2025-12-01T10:56:44.407+0100] {dagbag.py:588} INFO - Filling up the DagBag from /opt/airflow/dags/meltano_etl_dag.py
[2025-12-01T10:56:47.491+0100] {processor.py:925} INFO - DAG(s) 'meltano_irrigation_etl' retrieved from /opt/airflow/dags/meltano_etl_dag.py
[2025-12-01T10:56:48.010+0100] {logging_mixin.py:190} INFO - [2025-12-01T10:56:48.008+0100] {taskinstance.py:3312} ERROR - {'DAG Id': 'meltano_irrigation_etl', 'Task Id': 'run_meltano_etl', 'Run Id': 'scheduled__2025-11-30T00:00:00+00:00', 'Hostname': 'ec3772d8cb79'}
[2025-12-01T10:56:48.987+0100] {logging_mixin.py:190} INFO - [2025-12-01T10:56:48.986+0100] {taskinstance.py:1225} INFO - Marking task as UP_FOR_RETRY. dag_id=meltano_irrigation_etl, task_id=run_meltano_etl, run_id=scheduled__2025-11-30T00:00:00+00:00, execution_date=20251130T000000, start_date=20251201T034953, end_date=20251201T095648
[2025-12-01T10:56:55.952+0100] {logging_mixin.py:190} INFO - [2025-12-01T10:56:55.672+0100] {processor.py:763} ERROR - Error executing TaskCallbackRequest callback for file: /opt/airflow/dags/meltano_etl_dag.py
Traceback (most recent call last):
  File "/home/airflow/.local/lib/python3.12/site-packages/sqlalchemy/engine/base.py", line 1910, in _execute_context
    self.dialect.do_execute(
  File "/home/airflow/.local/lib/python3.12/site-packages/sqlalchemy/engine/default.py", line 736, in do_execute
    cursor.execute(statement, parameters)
psycopg2.errors.UniqueViolation: duplicate key value violates unique constraint "task_instance_history_dtrt_uq"
DETAIL:  Key (dag_id, task_id, run_id, map_index, try_number)=(meltano_irrigation_etl, run_meltano_etl, scheduled__2025-11-30T00:00:00+00:00, -1, 1) already exists.


The above exception was the direct cause of the following exception:

Traceback (most recent call last):
  File "/home/airflow/.local/lib/python3.12/site-packages/airflow/dag_processing/processor.py", line 752, in execute_callbacks
    cls._execute_task_callbacks(dagbag, request, unit_test_mode, session=session)
  File "/home/airflow/.local/lib/python3.12/site-packages/airflow/api_internal/internal_api_call.py", line 139, in wrapper
    return func(*args, **kwargs)
           ^^^^^^^^^^^^^^^^^^^^^
  File "/home/airflow/.local/lib/python3.12/site-packages/airflow/utils/session.py", line 94, in wrapper
    return func(*args, **kwargs)
           ^^^^^^^^^^^^^^^^^^^^^
  File "/home/airflow/.local/lib/python3.12/site-packages/airflow/dag_processing/processor.py", line 875, in _execute_task_callbacks
    ti.handle_failure(error=request.msg, test_mode=unit_test_mode, session=session)
  File "/home/airflow/.local/lib/python3.12/site-packages/airflow/utils/session.py", line 94, in wrapper
    return func(*args, **kwargs)
           ^^^^^^^^^^^^^^^^^^^^^
  File "/home/airflow/.local/lib/python3.12/site-packages/airflow/models/taskinstance.py", line 3427, in handle_failure
    _handle_failure(
  File "/home/airflow/.local/lib/python3.12/site-packages/airflow/utils/session.py", line 94, in wrapper
    return func(*args, **kwargs)
           ^^^^^^^^^^^^^^^^^^^^^
  File "/home/airflow/.local/lib/python3.12/site-packages/airflow/api_internal/internal_api_call.py", line 139, in wrapper
    return func(*args, **kwargs)
           ^^^^^^^^^^^^^^^^^^^^^
  File "/home/airflow/.local/lib/python3.12/site-packages/airflow/models/taskinstance.py", line 1243, in _handle_failure
    TaskInstance.save_to_db(failure_context["ti"], session)
  File "/home/airflow/.local/lib/python3.12/site-packages/airflow/api_internal/internal_api_call.py", line 139, in wrapper
    return func(*args, **kwargs)
           ^^^^^^^^^^^^^^^^^^^^^
  File "/home/airflow/.local/lib/python3.12/site-packages/airflow/utils/session.py", line 94, in wrapper
    return func(*args, **kwargs)
           ^^^^^^^^^^^^^^^^^^^^^
  File "/home/airflow/.local/lib/python3.12/site-packages/airflow/models/taskinstance.py", line 3399, in save_to_db
    session.flush()
  File "/home/airflow/.local/lib/python3.12/site-packages/sqlalchemy/orm/session.py", line 3449, in flush
    self._flush(objects)
  File "/home/airflow/.local/lib/python3.12/site-packages/sqlalchemy/orm/session.py", line 3588, in _flush
    with util.safe_reraise():
         ^^^^^^^^^^^^^^^^^^^
  File "/home/airflow/.local/lib/python3.12/site-packages/sqlalchemy/util/langhelpers.py", line 70, in __exit__
    compat.raise_(
  File "/home/airflow/.local/lib/python3.12/site-packages/sqlalchemy/util/compat.py", line 211, in raise_
    raise exception
  File "/home/airflow/.local/lib/python3.12/site-packages/sqlalchemy/orm/session.py", line 3549, in _flush
    flush_context.execute()
  File "/home/airflow/.local/lib/python3.12/site-packages/sqlalchemy/orm/unitofwork.py", line 456, in execute
    rec.execute(self)
  File "/home/airflow/.local/lib/python3.12/site-packages/sqlalchemy/orm/unitofwork.py", line 630, in execute
    util.preloaded.orm_persistence.save_obj(
  File "/home/airflow/.local/lib/python3.12/site-packages/sqlalchemy/orm/persistence.py", line 245, in save_obj
    _emit_insert_statements(
  File "/home/airflow/.local/lib/python3.12/site-packages/sqlalchemy/orm/persistence.py", line 1238, in _emit_insert_statements
    result = connection._execute_20(
             ^^^^^^^^^^^^^^^^^^^^^^^
  File "/home/airflow/.local/lib/python3.12/site-packages/sqlalchemy/engine/base.py", line 1710, in _execute_20
    return meth(self, args_10style, kwargs_10style, execution_options)
           ^^^^^^^^^^^^^^^^^^^^^^^^^^^^^^^^^^^^^^^^^^^^^^^^^^^^^^^^^^^
  File "/home/airflow/.local/lib/python3.12/site-packages/sqlalchemy/sql/elements.py", line 334, in _execute_on_connection
    return connection._execute_clauseelement(
           ^^^^^^^^^^^^^^^^^^^^^^^^^^^^^^^^^^
  File "/home/airflow/.local/lib/python3.12/site-packages/sqlalchemy/engine/base.py", line 1577, in _execute_clauseelement
    ret = self._execute_context(
          ^^^^^^^^^^^^^^^^^^^^^^
  File "/home/airflow/.local/lib/python3.12/site-packages/sqlalchemy/engine/base.py", line 1953, in _execute_context
    self._handle_dbapi_exception(
  File "/home/airflow/.local/lib/python3.12/site-packages/sqlalchemy/engine/base.py", line 2134, in _handle_dbapi_exception
    util.raise_(
  File "/home/airflow/.local/lib/python3.12/site-packages/sqlalchemy/util/compat.py", line 211, in raise_
    raise exception
  File "/home/airflow/.local/lib/python3.12/site-packages/sqlalchemy/engine/base.py", line 1910, in _execute_context
    self.dialect.do_execute(
  File "/home/airflow/.local/lib/python3.12/site-packages/sqlalchemy/engine/default.py", line 736, in do_execute
    cursor.execute(statement, parameters)
sqlalchemy.exc.IntegrityError: (psycopg2.errors.UniqueViolation) duplicate key value violates unique constraint "task_instance_history_dtrt_uq"
DETAIL:  Key (dag_id, task_id, run_id, map_index, try_number)=(meltano_irrigation_etl, run_meltano_etl, scheduled__2025-11-30T00:00:00+00:00, -1, 1) already exists.

[SQL: INSERT INTO task_instance_history (task_id, dag_id, run_id, map_index, try_number, start_date, end_date, duration, state, max_tries, hostname, unixname, job_id, pool, pool_slots, queue, priority_weight, operator, custom_operator_name, queued_dttm, queued_by_job_id, pid, executor, executor_config, updated_at, rendered_map_index, external_executor_id, trigger_id, trigger_timeout, next_method, next_kwargs, task_display_name) VALUES (%(task_id)s, %(dag_id)s, %(run_id)s, %(map_index)s, %(try_number)s, %(start_date)s, %(end_date)s, %(duration)s, %(state)s, %(max_tries)s, %(hostname)s, %(unixname)s, %(job_id)s, %(pool)s, %(pool_slots)s, %(queue)s, %(priority_weight)s, %(operator)s, %(custom_operator_name)s, %(queued_dttm)s, %(queued_by_job_id)s, %(pid)s, %(executor)s, %(executor_config)s, %(updated_at)s, %(rendered_map_index)s, %(external_executor_id)s, %(trigger_id)s, %(trigger_timeout)s, %(next_method)s, %(next_kwargs)s, %(task_display_name)s) RETURNING task_instance_history.id]
[parameters: {'task_id': 'run_meltano_etl', 'dag_id': 'meltano_irrigation_etl', 'run_id': 'scheduled__2025-11-30T00:00:00+00:00', 'map_index': -1, 'try_number': 1, 'start_date': datetime.datetime(2025, 12, 1, 3, 49, 53, 16101, tzinfo=Timezone('UTC')), 'end_date': datetime.datetime(2025, 12, 1, 9, 56, 48, 934612, tzinfo=Timezone('UTC')), 'duration': 22015.918511, 'state': <TaskInstanceState.FAILED: 'failed'>, 'max_tries': 1, 'hostname': 'ec3772d8cb79', 'unixname': 'airflow', 'job_id': 12, 'pool': 'default_pool', 'pool_slots': 1, 'queue': 'default', 'priority_weight': 1, 'operator': 'DockerOperator', 'custom_operator_name': None, 'queued_dttm': datetime.datetime(2025, 12, 1, 0, 49, 37, 465010, tzinfo=Timezone('UTC')), 'queued_by_job_id': 9, 'pid': 2126, 'executor': None, 'executor_config': <psycopg2.extensions.Binary object at 0x7c323d176d60>, 'updated_at': datetime.datetime(2025, 12, 1, 3, 49, 54, 577243, tzinfo=Timezone('UTC')), 'rendered_map_index': None, 'external_executor_id': None, 'trigger_id': None, 'trigger_timeout': None, 'next_method': None, 'next_kwargs': 'null', 'task_display_name': 'run_meltano_etl'}]
(Background on this error at: https://sqlalche.me/e/14/gkpj)
[2025-12-01T10:56:55.982+0100] {logging_mixin.py:190} INFO - [2025-12-01T10:56:55.970+0100] {processor.py:763} ERROR - Error executing TaskCallbackRequest callback for file: /opt/airflow/dags/meltano_etl_dag.py
Traceback (most recent call last):
  File "/home/airflow/.local/lib/python3.12/site-packages/airflow/dag_processing/processor.py", line 752, in execute_callbacks
    cls._execute_task_callbacks(dagbag, request, unit_test_mode, session=session)
  File "/home/airflow/.local/lib/python3.12/site-packages/airflow/api_internal/internal_api_call.py", line 139, in wrapper
    return func(*args, **kwargs)
           ^^^^^^^^^^^^^^^^^^^^^
  File "/home/airflow/.local/lib/python3.12/site-packages/airflow/utils/session.py", line 94, in wrapper
    return func(*args, **kwargs)
           ^^^^^^^^^^^^^^^^^^^^^
  File "/home/airflow/.local/lib/python3.12/site-packages/airflow/dag_processing/processor.py", line 838, in _execute_task_callbacks
    ti = TaskInstance.get_task_instance(
         ^^^^^^^^^^^^^^^^^^^^^^^^^^^^^^^
  File "/home/airflow/.local/lib/python3.12/site-packages/airflow/api_internal/internal_api_call.py", line 139, in wrapper
    return func(*args, **kwargs)
           ^^^^^^^^^^^^^^^^^^^^^
  File "/home/airflow/.local/lib/python3.12/site-packages/airflow/utils/session.py", line 94, in wrapper
    return func(*args, **kwargs)
           ^^^^^^^^^^^^^^^^^^^^^
  File "/home/airflow/.local/lib/python3.12/site-packages/airflow/models/taskinstance.py", line 2344, in get_task_instance
    return query.one_or_none()
           ^^^^^^^^^^^^^^^^^^^
  File "/home/airflow/.local/lib/python3.12/site-packages/sqlalchemy/orm/query.py", line 2850, in one_or_none
    return self._iter().one_or_none()
           ^^^^^^^^^^^^
  File "/home/airflow/.local/lib/python3.12/site-packages/sqlalchemy/orm/query.py", line 2916, in _iter
    result = self.session.execute(
             ^^^^^^^^^^^^^^^^^^^^^
  File "/home/airflow/.local/lib/python3.12/site-packages/sqlalchemy/orm/session.py", line 1716, in execute
    conn = self._connection_for_bind(bind)
           ^^^^^^^^^^^^^^^^^^^^^^^^^^^^^^^
  File "/home/airflow/.local/lib/python3.12/site-packages/sqlalchemy/orm/session.py", line 1555, in _connection_for_bind
    return self._transaction._connection_for_bind(
           ^^^^^^^^^^^^^^^^^^^^^^^^^^^^^^^^^^^^^^^
  File "/home/airflow/.local/lib/python3.12/site-packages/sqlalchemy/orm/session.py", line 724, in _connection_for_bind
    self._assert_active()
  File "/home/airflow/.local/lib/python3.12/site-packages/sqlalchemy/orm/session.py", line 604, in _assert_active
    raise sa_exc.PendingRollbackError(
sqlalchemy.exc.PendingRollbackError: This Session's transaction has been rolled back due to a previous exception during flush. To begin a new transaction with this Session, first issue Session.rollback(). Original exception was: (psycopg2.errors.UniqueViolation) duplicate key value violates unique constraint "task_instance_history_dtrt_uq"
DETAIL:  Key (dag_id, task_id, run_id, map_index, try_number)=(meltano_irrigation_etl, run_meltano_etl, scheduled__2025-11-30T00:00:00+00:00, -1, 1) already exists.

[SQL: INSERT INTO task_instance_history (task_id, dag_id, run_id, map_index, try_number, start_date, end_date, duration, state, max_tries, hostname, unixname, job_id, pool, pool_slots, queue, priority_weight, operator, custom_operator_name, queued_dttm, queued_by_job_id, pid, executor, executor_config, updated_at, rendered_map_index, external_executor_id, trigger_id, trigger_timeout, next_method, next_kwargs, task_display_name) VALUES (%(task_id)s, %(dag_id)s, %(run_id)s, %(map_index)s, %(try_number)s, %(start_date)s, %(end_date)s, %(duration)s, %(state)s, %(max_tries)s, %(hostname)s, %(unixname)s, %(job_id)s, %(pool)s, %(pool_slots)s, %(queue)s, %(priority_weight)s, %(operator)s, %(custom_operator_name)s, %(queued_dttm)s, %(queued_by_job_id)s, %(pid)s, %(executor)s, %(executor_config)s, %(updated_at)s, %(rendered_map_index)s, %(external_executor_id)s, %(trigger_id)s, %(trigger_timeout)s, %(next_method)s, %(next_kwargs)s, %(task_display_name)s) RETURNING task_instance_history.id]
[parameters: {'task_id': 'run_meltano_etl', 'dag_id': 'meltano_irrigation_etl', 'run_id': 'scheduled__2025-11-30T00:00:00+00:00', 'map_index': -1, 'try_number': 1, 'start_date': datetime.datetime(2025, 12, 1, 3, 49, 53, 16101, tzinfo=Timezone('UTC')), 'end_date': datetime.datetime(2025, 12, 1, 9, 56, 48, 934612, tzinfo=Timezone('UTC')), 'duration': 22015.918511, 'state': <TaskInstanceState.FAILED: 'failed'>, 'max_tries': 1, 'hostname': 'ec3772d8cb79', 'unixname': 'airflow', 'job_id': 12, 'pool': 'default_pool', 'pool_slots': 1, 'queue': 'default', 'priority_weight': 1, 'operator': 'DockerOperator', 'custom_operator_name': None, 'queued_dttm': datetime.datetime(2025, 12, 1, 0, 49, 37, 465010, tzinfo=Timezone('UTC')), 'queued_by_job_id': 9, 'pid': 2126, 'executor': None, 'executor_config': <psycopg2.extensions.Binary object at 0x7c323d176d60>, 'updated_at': datetime.datetime(2025, 12, 1, 3, 49, 54, 577243, tzinfo=Timezone('UTC')), 'rendered_map_index': None, 'external_executor_id': None, 'trigger_id': None, 'trigger_timeout': None, 'next_method': None, 'next_kwargs': 'null', 'task_display_name': 'run_meltano_etl'}]
(Background on this error at: https://sqlalche.me/e/14/gkpj) (Background on this error at: https://sqlalche.me/e/14/7s2a)
[2025-12-01T10:56:55.986+0100] {processor.py:211} ERROR - Got an exception! Propagating...
Traceback (most recent call last):
  File "/home/airflow/.local/lib/python3.12/site-packages/airflow/dag_processing/processor.py", line 207, in _run_file_processor
    _handle_dag_file_processing()
  File "/home/airflow/.local/lib/python3.12/site-packages/airflow/dag_processing/processor.py", line 188, in _handle_dag_file_processing
    result: tuple[int, int, int] = dag_file_processor.process_file(
                                   ^^^^^^^^^^^^^^^^^^^^^^^^^^^^^^^^
  File "/home/airflow/.local/lib/python3.12/site-packages/airflow/utils/session.py", line 97, in wrapper
    return func(*args, session=session, **kwargs)
           ^^^^^^^^^^^^^^^^^^^^^^^^^^^^^^^^^^^^^^
  File "/home/airflow/.local/lib/python3.12/site-packages/airflow/dag_processing/processor.py", line 940, in process_file
    self.execute_callbacks(dagbag, callback_requests, self.UNIT_TEST_MODE)
  File "/home/airflow/.local/lib/python3.12/site-packages/airflow/api_internal/internal_api_call.py", line 139, in wrapper
    return func(*args, **kwargs)
           ^^^^^^^^^^^^^^^^^^^^^
  File "/home/airflow/.local/lib/python3.12/site-packages/airflow/utils/session.py", line 97, in wrapper
    return func(*args, session=session, **kwargs)
           ^^^^^^^^^^^^^^^^^^^^^^^^^^^^^^^^^^^^^^
  File "/home/airflow/.local/lib/python3.12/site-packages/airflow/dag_processing/processor.py", line 769, in execute_callbacks
    session.commit()
  File "/home/airflow/.local/lib/python3.12/site-packages/sqlalchemy/orm/session.py", line 1454, in commit
    self._transaction.commit(_to_root=self.future)
  File "/home/airflow/.local/lib/python3.12/site-packages/sqlalchemy/orm/session.py", line 830, in commit
    self._assert_active(prepared_ok=True)
  File "/home/airflow/.local/lib/python3.12/site-packages/sqlalchemy/orm/session.py", line 604, in _assert_active
    raise sa_exc.PendingRollbackError(
sqlalchemy.exc.PendingRollbackError: This Session's transaction has been rolled back due to a previous exception during flush. To begin a new transaction with this Session, first issue Session.rollback(). Original exception was: (psycopg2.errors.UniqueViolation) duplicate key value violates unique constraint "task_instance_history_dtrt_uq"
DETAIL:  Key (dag_id, task_id, run_id, map_index, try_number)=(meltano_irrigation_etl, run_meltano_etl, scheduled__2025-11-30T00:00:00+00:00, -1, 1) already exists.

[SQL: INSERT INTO task_instance_history (task_id, dag_id, run_id, map_index, try_number, start_date, end_date, duration, state, max_tries, hostname, unixname, job_id, pool, pool_slots, queue, priority_weight, operator, custom_operator_name, queued_dttm, queued_by_job_id, pid, executor, executor_config, updated_at, rendered_map_index, external_executor_id, trigger_id, trigger_timeout, next_method, next_kwargs, task_display_name) VALUES (%(task_id)s, %(dag_id)s, %(run_id)s, %(map_index)s, %(try_number)s, %(start_date)s, %(end_date)s, %(duration)s, %(state)s, %(max_tries)s, %(hostname)s, %(unixname)s, %(job_id)s, %(pool)s, %(pool_slots)s, %(queue)s, %(priority_weight)s, %(operator)s, %(custom_operator_name)s, %(queued_dttm)s, %(queued_by_job_id)s, %(pid)s, %(executor)s, %(executor_config)s, %(updated_at)s, %(rendered_map_index)s, %(external_executor_id)s, %(trigger_id)s, %(trigger_timeout)s, %(next_method)s, %(next_kwargs)s, %(task_display_name)s) RETURNING task_instance_history.id]
[parameters: {'task_id': 'run_meltano_etl', 'dag_id': 'meltano_irrigation_etl', 'run_id': 'scheduled__2025-11-30T00:00:00+00:00', 'map_index': -1, 'try_number': 1, 'start_date': datetime.datetime(2025, 12, 1, 3, 49, 53, 16101, tzinfo=Timezone('UTC')), 'end_date': datetime.datetime(2025, 12, 1, 9, 56, 48, 934612, tzinfo=Timezone('UTC')), 'duration': 22015.918511, 'state': <TaskInstanceState.FAILED: 'failed'>, 'max_tries': 1, 'hostname': 'ec3772d8cb79', 'unixname': 'airflow', 'job_id': 12, 'pool': 'default_pool', 'pool_slots': 1, 'queue': 'default', 'priority_weight': 1, 'operator': 'DockerOperator', 'custom_operator_name': None, 'queued_dttm': datetime.datetime(2025, 12, 1, 0, 49, 37, 465010, tzinfo=Timezone('UTC')), 'queued_by_job_id': 9, 'pid': 2126, 'executor': None, 'executor_config': <psycopg2.extensions.Binary object at 0x7c323d176d60>, 'updated_at': datetime.datetime(2025, 12, 1, 3, 49, 54, 577243, tzinfo=Timezone('UTC')), 'rendered_map_index': None, 'external_executor_id': None, 'trigger_id': None, 'trigger_timeout': None, 'next_method': None, 'next_kwargs': 'null', 'task_display_name': 'run_meltano_etl'}]
(Background on this error at: https://sqlalche.me/e/14/gkpj) (Background on this error at: https://sqlalche.me/e/14/7s2a)
[2025-12-01T10:57:27.216+0100] {processor.py:186} INFO - Started process (PID=2143) to work on /opt/airflow/dags/meltano_etl_dag.py
[2025-12-01T10:57:27.218+0100] {processor.py:914} INFO - Processing file /opt/airflow/dags/meltano_etl_dag.py for tasks to queue
[2025-12-01T10:57:27.226+0100] {logging_mixin.py:190} INFO - [2025-12-01T10:57:27.224+0100] {dagbag.py:588} INFO - Filling up the DagBag from /opt/airflow/dags/meltano_etl_dag.py
[2025-12-01T10:57:27.279+0100] {processor.py:925} INFO - DAG(s) 'meltano_irrigation_etl' retrieved from /opt/airflow/dags/meltano_etl_dag.py
[2025-12-01T10:57:27.333+0100] {logging_mixin.py:190} INFO - [2025-12-01T10:57:27.332+0100] {taskinstance.py:3312} ERROR - {'DAG Id': 'meltano_irrigation_etl', 'Task Id': 'run_meltano_etl', 'Run Id': 'scheduled__2025-11-30T00:00:00+00:00', 'Hostname': 'ec3772d8cb79'}
[2025-12-01T10:57:27.384+0100] {logging_mixin.py:190} INFO - [2025-12-01T10:57:27.384+0100] {taskinstance.py:1225} INFO - Marking task as UP_FOR_RETRY. dag_id=meltano_irrigation_etl, task_id=run_meltano_etl, run_id=scheduled__2025-11-30T00:00:00+00:00, execution_date=20251130T000000, start_date=20251201T034953, end_date=20251201T095727
[2025-12-01T10:57:27.424+0100] {logging_mixin.py:190} INFO - [2025-12-01T10:57:27.424+0100] {processor.py:876} INFO - Executed callback for <TaskInstance: meltano_irrigation_etl.run_meltano_etl scheduled__2025-11-30T00:00:00+00:00 [up_for_retry]> in state up_for_retry
[2025-12-01T10:57:27.466+0100] {logging_mixin.py:190} INFO - [2025-12-01T10:57:27.465+0100] {dag.py:3239} INFO - Sync 1 DAGs
[2025-12-01T10:57:27.510+0100] {logging_mixin.py:190} INFO - [2025-12-01T10:57:27.510+0100] {dag.py:4180} INFO - Setting next_dagrun for meltano_irrigation_etl to 2025-12-01 00:00:00+00:00, run_after=2025-12-02 00:00:00+00:00
[2025-12-01T10:57:27.544+0100] {processor.py:208} INFO - Processing /opt/airflow/dags/meltano_etl_dag.py took 0.346 seconds
[2025-12-01T10:57:57.879+0100] {processor.py:186} INFO - Started process (PID=2148) to work on /opt/airflow/dags/meltano_etl_dag.py
[2025-12-01T10:57:57.881+0100] {processor.py:914} INFO - Processing file /opt/airflow/dags/meltano_etl_dag.py for tasks to queue
[2025-12-01T10:57:57.886+0100] {logging_mixin.py:190} INFO - [2025-12-01T10:57:57.886+0100] {dagbag.py:588} INFO - Filling up the DagBag from /opt/airflow/dags/meltano_etl_dag.py
[2025-12-01T10:57:57.922+0100] {processor.py:925} INFO - DAG(s) 'meltano_irrigation_etl' retrieved from /opt/airflow/dags/meltano_etl_dag.py
[2025-12-01T10:57:57.970+0100] {logging_mixin.py:190} INFO - [2025-12-01T10:57:57.970+0100] {dag.py:3239} INFO - Sync 1 DAGs
[2025-12-01T10:57:58.013+0100] {logging_mixin.py:190} INFO - [2025-12-01T10:57:58.013+0100] {dag.py:4180} INFO - Setting next_dagrun for meltano_irrigation_etl to 2025-12-01 00:00:00+00:00, run_after=2025-12-02 00:00:00+00:00
[2025-12-01T10:57:58.045+0100] {processor.py:208} INFO - Processing /opt/airflow/dags/meltano_etl_dag.py took 0.180 seconds
[2025-12-01T10:58:28.306+0100] {processor.py:186} INFO - Started process (PID=2153) to work on /opt/airflow/dags/meltano_etl_dag.py
[2025-12-01T10:58:28.309+0100] {processor.py:914} INFO - Processing file /opt/airflow/dags/meltano_etl_dag.py for tasks to queue
[2025-12-01T10:58:28.329+0100] {logging_mixin.py:190} INFO - [2025-12-01T10:58:28.328+0100] {dagbag.py:588} INFO - Filling up the DagBag from /opt/airflow/dags/meltano_etl_dag.py
[2025-12-01T10:58:28.391+0100] {processor.py:925} INFO - DAG(s) 'meltano_irrigation_etl' retrieved from /opt/airflow/dags/meltano_etl_dag.py
[2025-12-01T10:58:28.449+0100] {logging_mixin.py:190} INFO - [2025-12-01T10:58:28.449+0100] {dag.py:3239} INFO - Sync 1 DAGs
[2025-12-01T10:58:28.479+0100] {logging_mixin.py:190} INFO - [2025-12-01T10:58:28.479+0100] {dag.py:4180} INFO - Setting next_dagrun for meltano_irrigation_etl to 2025-12-01 00:00:00+00:00, run_after=2025-12-02 00:00:00+00:00
[2025-12-01T10:58:28.524+0100] {processor.py:208} INFO - Processing /opt/airflow/dags/meltano_etl_dag.py took 0.241 seconds
[2025-12-01T10:58:58.970+0100] {processor.py:186} INFO - Started process (PID=2158) to work on /opt/airflow/dags/meltano_etl_dag.py
[2025-12-01T10:58:58.972+0100] {processor.py:914} INFO - Processing file /opt/airflow/dags/meltano_etl_dag.py for tasks to queue
[2025-12-01T10:58:58.977+0100] {logging_mixin.py:190} INFO - [2025-12-01T10:58:58.977+0100] {dagbag.py:588} INFO - Filling up the DagBag from /opt/airflow/dags/meltano_etl_dag.py
[2025-12-01T10:58:59.023+0100] {processor.py:925} INFO - DAG(s) 'meltano_irrigation_etl' retrieved from /opt/airflow/dags/meltano_etl_dag.py
[2025-12-01T10:58:59.077+0100] {logging_mixin.py:190} INFO - [2025-12-01T10:58:59.077+0100] {dag.py:3239} INFO - Sync 1 DAGs
[2025-12-01T10:58:59.128+0100] {logging_mixin.py:190} INFO - [2025-12-01T10:58:59.128+0100] {dag.py:4180} INFO - Setting next_dagrun for meltano_irrigation_etl to 2025-12-01 00:00:00+00:00, run_after=2025-12-02 00:00:00+00:00
[2025-12-01T10:58:59.157+0100] {processor.py:208} INFO - Processing /opt/airflow/dags/meltano_etl_dag.py took 0.199 seconds
[2025-12-01T10:59:29.738+0100] {processor.py:186} INFO - Started process (PID=2163) to work on /opt/airflow/dags/meltano_etl_dag.py
[2025-12-01T10:59:29.740+0100] {processor.py:914} INFO - Processing file /opt/airflow/dags/meltano_etl_dag.py for tasks to queue
[2025-12-01T10:59:29.746+0100] {logging_mixin.py:190} INFO - [2025-12-01T10:59:29.745+0100] {dagbag.py:588} INFO - Filling up the DagBag from /opt/airflow/dags/meltano_etl_dag.py
[2025-12-01T10:59:29.784+0100] {processor.py:925} INFO - DAG(s) 'meltano_irrigation_etl' retrieved from /opt/airflow/dags/meltano_etl_dag.py
[2025-12-01T10:59:29.842+0100] {logging_mixin.py:190} INFO - [2025-12-01T10:59:29.841+0100] {dag.py:3239} INFO - Sync 1 DAGs
[2025-12-01T10:59:29.907+0100] {logging_mixin.py:190} INFO - [2025-12-01T10:59:29.907+0100] {dag.py:4180} INFO - Setting next_dagrun for meltano_irrigation_etl to 2025-12-01 00:00:00+00:00, run_after=2025-12-02 00:00:00+00:00
[2025-12-01T10:59:29.958+0100] {processor.py:208} INFO - Processing /opt/airflow/dags/meltano_etl_dag.py took 0.241 seconds
[2025-12-01T11:00:00.517+0100] {processor.py:186} INFO - Started process (PID=2168) to work on /opt/airflow/dags/meltano_etl_dag.py
[2025-12-01T11:00:00.519+0100] {processor.py:914} INFO - Processing file /opt/airflow/dags/meltano_etl_dag.py for tasks to queue
[2025-12-01T11:00:00.534+0100] {logging_mixin.py:190} INFO - [2025-12-01T11:00:00.533+0100] {dagbag.py:588} INFO - Filling up the DagBag from /opt/airflow/dags/meltano_etl_dag.py
[2025-12-01T11:00:00.591+0100] {processor.py:925} INFO - DAG(s) 'meltano_irrigation_etl' retrieved from /opt/airflow/dags/meltano_etl_dag.py
[2025-12-01T11:00:00.690+0100] {logging_mixin.py:190} INFO - [2025-12-01T11:00:00.690+0100] {dag.py:3239} INFO - Sync 1 DAGs
[2025-12-01T11:00:00.814+0100] {logging_mixin.py:190} INFO - [2025-12-01T11:00:00.814+0100] {dag.py:4180} INFO - Setting next_dagrun for meltano_irrigation_etl to 2025-12-01 00:00:00+00:00, run_after=2025-12-02 00:00:00+00:00
[2025-12-01T11:00:00.872+0100] {processor.py:208} INFO - Processing /opt/airflow/dags/meltano_etl_dag.py took 0.384 seconds
[2025-12-01T11:00:31.252+0100] {processor.py:186} INFO - Started process (PID=2173) to work on /opt/airflow/dags/meltano_etl_dag.py
[2025-12-01T11:00:31.254+0100] {processor.py:914} INFO - Processing file /opt/airflow/dags/meltano_etl_dag.py for tasks to queue
[2025-12-01T11:00:31.259+0100] {logging_mixin.py:190} INFO - [2025-12-01T11:00:31.258+0100] {dagbag.py:588} INFO - Filling up the DagBag from /opt/airflow/dags/meltano_etl_dag.py
[2025-12-01T11:00:31.298+0100] {processor.py:925} INFO - DAG(s) 'meltano_irrigation_etl' retrieved from /opt/airflow/dags/meltano_etl_dag.py
[2025-12-01T11:00:31.346+0100] {logging_mixin.py:190} INFO - [2025-12-01T11:00:31.346+0100] {dag.py:3239} INFO - Sync 1 DAGs
[2025-12-01T11:00:31.408+0100] {logging_mixin.py:190} INFO - [2025-12-01T11:00:31.408+0100] {dag.py:4180} INFO - Setting next_dagrun for meltano_irrigation_etl to 2025-12-01 00:00:00+00:00, run_after=2025-12-02 00:00:00+00:00
[2025-12-01T11:00:31.438+0100] {processor.py:208} INFO - Processing /opt/airflow/dags/meltano_etl_dag.py took 0.204 seconds
[2025-12-01T11:01:01.803+0100] {processor.py:186} INFO - Started process (PID=2178) to work on /opt/airflow/dags/meltano_etl_dag.py
[2025-12-01T11:01:01.805+0100] {processor.py:914} INFO - Processing file /opt/airflow/dags/meltano_etl_dag.py for tasks to queue
[2025-12-01T11:01:01.809+0100] {logging_mixin.py:190} INFO - [2025-12-01T11:01:01.808+0100] {dagbag.py:588} INFO - Filling up the DagBag from /opt/airflow/dags/meltano_etl_dag.py
[2025-12-01T11:01:01.859+0100] {processor.py:925} INFO - DAG(s) 'meltano_irrigation_etl' retrieved from /opt/airflow/dags/meltano_etl_dag.py
[2025-12-01T11:01:01.898+0100] {logging_mixin.py:190} INFO - [2025-12-01T11:01:01.898+0100] {dag.py:3239} INFO - Sync 1 DAGs
[2025-12-01T11:01:01.935+0100] {logging_mixin.py:190} INFO - [2025-12-01T11:01:01.935+0100] {dag.py:4180} INFO - Setting next_dagrun for meltano_irrigation_etl to 2025-12-01 00:00:00+00:00, run_after=2025-12-02 00:00:00+00:00
[2025-12-01T11:01:01.962+0100] {processor.py:208} INFO - Processing /opt/airflow/dags/meltano_etl_dag.py took 0.170 seconds
[2025-12-01T11:01:32.601+0100] {processor.py:186} INFO - Started process (PID=2183) to work on /opt/airflow/dags/meltano_etl_dag.py
[2025-12-01T11:01:32.603+0100] {processor.py:914} INFO - Processing file /opt/airflow/dags/meltano_etl_dag.py for tasks to queue
[2025-12-01T11:01:32.608+0100] {logging_mixin.py:190} INFO - [2025-12-01T11:01:32.607+0100] {dagbag.py:588} INFO - Filling up the DagBag from /opt/airflow/dags/meltano_etl_dag.py
[2025-12-01T11:01:32.655+0100] {processor.py:925} INFO - DAG(s) 'meltano_irrigation_etl' retrieved from /opt/airflow/dags/meltano_etl_dag.py
[2025-12-01T11:01:32.692+0100] {logging_mixin.py:190} INFO - [2025-12-01T11:01:32.692+0100] {dag.py:3239} INFO - Sync 1 DAGs
[2025-12-01T11:01:32.727+0100] {logging_mixin.py:190} INFO - [2025-12-01T11:01:32.727+0100] {dag.py:4180} INFO - Setting next_dagrun for meltano_irrigation_etl to 2025-12-01 00:00:00+00:00, run_after=2025-12-02 00:00:00+00:00
[2025-12-01T11:01:32.762+0100] {processor.py:208} INFO - Processing /opt/airflow/dags/meltano_etl_dag.py took 0.169 seconds
[2025-12-01T11:02:03.212+0100] {processor.py:186} INFO - Started process (PID=2188) to work on /opt/airflow/dags/meltano_etl_dag.py
[2025-12-01T11:02:03.214+0100] {processor.py:914} INFO - Processing file /opt/airflow/dags/meltano_etl_dag.py for tasks to queue
[2025-12-01T11:02:03.220+0100] {logging_mixin.py:190} INFO - [2025-12-01T11:02:03.219+0100] {dagbag.py:588} INFO - Filling up the DagBag from /opt/airflow/dags/meltano_etl_dag.py
[2025-12-01T11:02:03.250+0100] {processor.py:925} INFO - DAG(s) 'meltano_irrigation_etl' retrieved from /opt/airflow/dags/meltano_etl_dag.py
[2025-12-01T11:02:03.292+0100] {logging_mixin.py:190} INFO - [2025-12-01T11:02:03.291+0100] {dag.py:3239} INFO - Sync 1 DAGs
[2025-12-01T11:02:03.320+0100] {logging_mixin.py:190} INFO - [2025-12-01T11:02:03.320+0100] {dag.py:4180} INFO - Setting next_dagrun for meltano_irrigation_etl to 2025-12-01 00:00:00+00:00, run_after=2025-12-02 00:00:00+00:00
[2025-12-01T11:02:03.351+0100] {processor.py:208} INFO - Processing /opt/airflow/dags/meltano_etl_dag.py took 0.157 seconds
[2025-12-01T11:02:33.952+0100] {processor.py:186} INFO - Started process (PID=2193) to work on /opt/airflow/dags/meltano_etl_dag.py
[2025-12-01T11:02:33.956+0100] {processor.py:914} INFO - Processing file /opt/airflow/dags/meltano_etl_dag.py for tasks to queue
[2025-12-01T11:02:33.959+0100] {logging_mixin.py:190} INFO - [2025-12-01T11:02:33.959+0100] {dagbag.py:588} INFO - Filling up the DagBag from /opt/airflow/dags/meltano_etl_dag.py
[2025-12-01T11:02:33.988+0100] {processor.py:925} INFO - DAG(s) 'meltano_irrigation_etl' retrieved from /opt/airflow/dags/meltano_etl_dag.py
[2025-12-01T11:02:34.020+0100] {logging_mixin.py:190} INFO - [2025-12-01T11:02:34.019+0100] {dag.py:3239} INFO - Sync 1 DAGs
[2025-12-01T11:02:34.057+0100] {logging_mixin.py:190} INFO - [2025-12-01T11:02:34.056+0100] {dag.py:4180} INFO - Setting next_dagrun for meltano_irrigation_etl to 2025-12-01 00:00:00+00:00, run_after=2025-12-02 00:00:00+00:00
[2025-12-01T11:02:34.082+0100] {processor.py:208} INFO - Processing /opt/airflow/dags/meltano_etl_dag.py took 0.140 seconds
