[2025-11-30T21:39:16.748+0100] {local_task_job_runner.py:123} INFO - ::group::Pre task execution logs
[2025-11-30T21:39:16.774+0100] {taskinstance.py:2612} INFO - Dependencies all met for dep_context=non-requeueable deps ti=<TaskInstance: meltano_irrigation_etl.run_meltano_etl manual__2025-11-30T20:21:11.571097+00:00 [queued]>
[2025-11-30T21:39:16.784+0100] {taskinstance.py:2612} INFO - Dependencies all met for dep_context=requeueable deps ti=<TaskInstance: meltano_irrigation_etl.run_meltano_etl manual__2025-11-30T20:21:11.571097+00:00 [queued]>
[2025-11-30T21:39:16.791+0100] {taskinstance.py:2865} INFO - Starting attempt 2 of 2
[2025-11-30T21:39:16.809+0100] {taskinstance.py:2888} INFO - Executing <Task(DockerOperator): run_meltano_etl> on 2025-11-30 20:21:11.571097+00:00
[2025-11-30T21:39:16.818+0100] {standard_task_runner.py:104} INFO - Running: ['***', 'tasks', 'run', 'meltano_irrigation_etl', 'run_meltano_etl', 'manual__2025-11-30T20:21:11.571097+00:00', '--job-id', '11', '--raw', '--subdir', 'DAGS_FOLDER/meltano_etl_dag.py', '--cfg-path', '/tmp/tmpchqs4_dd']
[2025-11-30T21:39:16.823+0100] {standard_task_runner.py:105} INFO - Job 11: Subtask run_meltano_etl
[2025-11-30T21:39:16.824+0100] {logging_mixin.py:190} WARNING - /home/***/.local/lib/python3.12/site-packages/***/task/task_runner/standard_task_runner.py:70 DeprecationWarning: This process (pid=242) is multi-threaded, use of fork() may lead to deadlocks in the child.
[2025-11-30T21:39:16.827+0100] {standard_task_runner.py:72} INFO - Started process 243 to run task
[2025-11-30T21:39:16.927+0100] {task_command.py:467} INFO - Running <TaskInstance: meltano_irrigation_etl.run_meltano_etl manual__2025-11-30T20:21:11.571097+00:00 [running]> on host ec3772d8cb79
[2025-11-30T21:39:17.048+0100] {taskinstance.py:3131} INFO - Exporting env vars: AIRFLOW_CTX_DAG_OWNER='anaselkhabbaz' AIRFLOW_CTX_DAG_ID='meltano_irrigation_etl' AIRFLOW_CTX_TASK_ID='run_meltano_etl' AIRFLOW_CTX_EXECUTION_DATE='2025-11-30T20:21:11.571097+00:00' AIRFLOW_CTX_TRY_NUMBER='2' AIRFLOW_CTX_DAG_RUN_ID='manual__2025-11-30T20:21:11.571097+00:00'
[2025-11-30T21:39:17.052+0100] {taskinstance.py:731} INFO - ::endgroup::
[2025-11-30T21:39:17.146+0100] {docker.py:367} INFO - Starting docker container from image anaselkhabbaz/irrigation-etl:latest
[2025-11-30T21:39:20.577+0100] {docker.py:438} INFO - [2m2025-11-30T20:39:20.575853Z[0m [[32m[1minfo     [0m] [1mEnvironment 'dev' is active   [0m
[2025-11-30T21:39:20.925+0100] {docker.py:438} INFO - [2m2025-11-30T20:39:20.924095Z[0m [[33m[1mwarning  [0m] [1mA new version of Meltano is available (v4.0.6) and you are currently running v4.0.5. For more information, visit: https://docs.meltano.com/getting-started/installation.[0m
[2025-11-30T21:39:21.547+0100] {docker.py:438} INFO - [2m2025-11-30T20:39:21.546057Z[0m [[32m[1minfo     [0m] [1mInstalling extractor 'tap-rest-api-msdk'[0m
[2025-11-30T21:39:21.580+0100] {docker.py:438} INFO - [2m2025-11-30T20:39:21.578521Z[0m [[32m[1minfo     [0m] [1mInstalling loader 'target-csv'[0m
[2025-11-30T21:39:21.614+0100] {docker.py:438} INFO - [2m2025-11-30T20:39:21.612160Z[0m [[32m[1minfo     [0m] [1mInstalling extractor 'tap-weatherapi-forecast'[0m
[2025-11-30T21:39:21.656+0100] {docker.py:438} INFO - [2m2025-11-30T20:39:21.651162Z[0m [[32m[1minfo     [0m] [1mInstalling utility 'weather-tools'[0m
[2025-11-30T21:39:21.700+0100] {docker.py:438} INFO - [2m2025-11-30T20:39:21.698697Z[0m [[32m[1minfo     [0m] [1mInstalling utility 'dbt-duckdb'[0m
[2025-11-30T21:41:05.287+0100] {docker.py:438} INFO - [2m2025-11-30T20:41:05.285778Z[0m [[32m[1minfo     [0m] [1mInstalled loader 'target-csv' [0m
[2025-11-30T21:41:25.749+0100] {docker.py:438} INFO - [2m2025-11-30T20:41:25.748167Z[0m [[32m[1minfo     [0m] [1mInstalled extractor 'tap-weatherapi-forecast'[0m
[2025-11-30T21:45:52.607+0100] {docker.py:438} INFO - [2m2025-11-30T20:45:52.606729Z[0m [[32m[1minfo     [0m] [1mInstalled utility 'dbt-duckdb'[0m
[2025-11-30T21:46:47.301+0100] {docker.py:438} INFO - [2m2025-11-30T20:46:47.299940Z[0m [[32m[1minfo     [0m] [1mInstalled extractor 'tap-rest-api-msdk'[0m
[2025-11-30T21:48:03.920+0100] {docker.py:438} INFO - [2m2025-11-30T20:48:03.918955Z[0m [[32m[1minfo     [0m] [1mInstalled utility 'weather-tools'[0m
[2025-11-30T21:48:03.921+0100] {docker.py:438} INFO - [2m2025-11-30T20:48:03.919207Z[0m [[32m[1minfo     [0m] [1mInstalled 5/7 plugins         [0m
[2025-11-30T21:48:03.921+0100] {docker.py:438} INFO - [2m2025-11-30T20:48:03.919322Z[0m [[32m[1minfo     [0m] [1mSkipped installing 2/7 plugins[0m
[2025-11-30T21:48:03.922+0100] {docker.py:438} INFO - [2m2025-11-30T20:48:03.920157Z[0m [[32m[1minfo     [0m] [1mRunning job with name 'dev:tap-rest-api-msdk-to-target-csv' and run ID '019ad67d-d18f-7133-8e73-9968adf8c0db'[0m
[2025-11-30T21:48:04.669+0100] {docker.py:438} INFO - [2m2025-11-30T20:48:04.667898Z[0m [[32m[1minfo     [0m] [1m/app/.meltano/extractors/tap-rest-api-msdk/venv/lib/python3.13/site-packages/fs/__init__.py:4: UserWarning: pkg_resources is deprecated as an API. See https://setuptools.pypa.io/en/latest/pkg_resources.html. The pkg_resources package is slated for removal as early as 2025-11-30. Refrain from using this package or pin to Setuptools<81.[0m [36mname[0m=[35mtap-rest-api-msdk[0m
[2025-11-30T21:48:04.670+0100] {docker.py:438} INFO - [2m2025-11-30T20:48:04.668188Z[0m [[32m[1minfo     [0m] [1m  __import__("pkg_resources").declare_namespace(__name__)  # type: ignore[0m [36mname[0m=[35mtap-rest-api-msdk[0m
[2025-11-30T21:48:05.181+0100] {docker.py:438} INFO - [2m2025-11-30T20:48:05.179623Z[0m [[32m[1minfo     [0m] [1mtarget-csv v0.2.1, Meltano SDK v0.50.2[0m [36mname[0m=[35mtarget-csv[0m
[2025-11-30T21:48:05.182+0100] {docker.py:438} INFO - [2m2025-11-30T20:48:05.180114Z[0m [[32m[1minfo     [0m] [1mSkipping parse of env var settings...[0m [36mname[0m=[35mtarget-csv[0m
[2025-11-30T21:48:05.987+0100] {docker.py:438} INFO - [2m2025-11-30T20:48:05.986197Z[0m [[32m[1minfo     [0m] [1mFound schema in config, not doing discovery.[0m [36mname[0m=[35mtap-rest-api-msdk[0m
[2025-11-30T21:48:05.989+0100] {docker.py:438} INFO - [2m2025-11-30T20:48:05.988122Z[0m [[32m[1minfo     [0m] [1mBeginning full_table sync of 'weather_daily'...[0m [36mname[0m=[35mtap-rest-api-msdk[0m
[2025-11-30T21:48:05.990+0100] {docker.py:438} INFO - [2m2025-11-30T20:48:05.988559Z[0m [[32m[1minfo     [0m] [1mTap has custom mapper. Using 1 provided map(s).[0m [36mname[0m=[35mtap-rest-api-msdk[0m
[2025-11-30T21:48:05.991+0100] {docker.py:438} INFO - [2m2025-11-30T20:48:05.989188Z[0m [[32m[1minfo     [0m] [1mthe next_page_token_jsonpath = $.next_page.[0m [36mname[0m=[35mtap-rest-api-msdk[0m
[2025-11-30T21:48:06.000+0100] {docker.py:438} INFO - [2m2025-11-30T20:48:05.998927Z[0m [[32m[1minfo     [0m] [1mWriting to destination file '/app/raw/weather_daily.csv'...[0m [36mname[0m=[35mtarget-csv[0m
[2025-11-30T21:48:06.489+0100] {docker.py:438} INFO - [2m2025-11-30T20:48:06.486748Z[0m [[32m[1minfo     [0m] [1mMETRIC: {"type": "timer", "metric": "http_request_duration", "value": 0.493615, "tags": {"stream": "weather_daily", "endpoint": "/point/daily", "http_status_code": 200, "status": "succeeded"}}[0m [36mname[0m=[35mtap-rest-api-msdk[0m
[2025-11-30T21:48:06.515+0100] {docker.py:438} INFO - [2m2025-11-30T20:48:06.513963Z[0m [[32m[1minfo     [0m] [1mJSONPath $.data[*] match count: 701[0m [36mname[0m=[35mtap-rest-api-msdk[0m
[2025-11-30T21:48:06.612+0100] {docker.py:438} INFO - [2m2025-11-30T20:48:06.610785Z[0m [[32m[1minfo     [0m] [1mJSONPath $.next_page match count: 0[0m [36mname[0m=[35mtap-rest-api-msdk[0m
[2025-11-30T21:48:06.613+0100] {docker.py:438} INFO - [2m2025-11-30T20:48:06.611175Z[0m [[32m[1minfo     [0m] [1mMETRIC: {"type": "counter", "metric": "http_request_count", "value": 1, "tags": {"stream": "weather_daily", "endpoint": "/point/daily", "pid": 163}}[0m [36mname[0m=[35mtap-rest-api-msdk[0m
[2025-11-30T21:48:06.614+0100] {docker.py:438} INFO - [2m2025-11-30T20:48:06.611395Z[0m [[32m[1minfo     [0m] [1mMETRIC: {"type": "timer", "metric": "sync_duration", "value": 0.6224725246429443, "tags": {"stream": "weather_daily", "pid": 163, "context": {}, "status": "succeeded"}}[0m [36mname[0m=[35mtap-rest-api-msdk[0m
[2025-11-30T21:48:06.614+0100] {docker.py:438} INFO - [2m2025-11-30T20:48:06.611640Z[0m [[32m[1minfo     [0m] [1mMETRIC: {"type": "counter", "metric": "record_count", "value": 701, "tags": {"stream": "weather_daily", "pid": 163, "context": {}}}[0m [36mname[0m=[35mtap-rest-api-msdk[0m
[2025-11-30T21:48:06.780+0100] {docker.py:438} INFO - [2m2025-11-30T20:48:06.777999Z[0m [[32m[1minfo     [0m] [1mReader 'target-csv' completed processing 704 lines of input (1 schemas, 701 records, 0 batch manifests, 2 state messages, 0 activate version messages).[0m [36mname[0m=[35mtarget-csv[0m
[2025-11-30T21:48:06.790+0100] {docker.py:438} INFO - [2m2025-11-30T20:48:06.789114Z[0m [[32m[1minfo     [0m] [1mAppending 701 records to file...[0m [36mname[0m=[35mtarget-csv[0m
[2025-11-30T21:48:06.796+0100] {docker.py:438} INFO - [2m2025-11-30T20:48:06.794760Z[0m [[32m[1minfo     [0m] [1mMETRIC                        [0m [36mmetric_name[0m=[35mbatch_processing_time[0m [36mmetric_value[0m=[35m0.005687236785888672[0m [36mname[0m=[35mtarget-csv[0m
[2025-11-30T21:48:06.802+0100] {docker.py:438} INFO - [2m2025-11-30T20:48:06.800557Z[0m [[32m[1minfo     [0m] [1mMETRIC                        [0m [36mmetric_name[0m=[35mrecord_count[0m [36mmetric_value[0m=[35m701[0m [36mname[0m=[35mtarget-csv[0m
[2025-11-30T21:48:06.817+0100] {docker.py:438} INFO - [2m2025-11-30T20:48:06.815701Z[0m [[32m[1minfo     [0m] [1mUsing systemdb state backend  [0m
[2025-11-30T21:48:06.824+0100] {docker.py:438} INFO - [2m2025-11-30T20:48:06.823188Z[0m [[32m[1minfo     [0m] [1mIncremental state has been updated at 2025-11-30 20:48:06.823144+00:00.[0m
[2025-11-30T21:48:06.901+0100] {docker.py:438} INFO - [2m2025-11-30T20:48:06.899968Z[0m [[32m[1minfo     [0m] [1mBlock run completed           [0m
[2025-11-30T21:48:06.902+0100] {docker.py:438} INFO - [2m2025-11-30T20:48:06.900977Z[0m [[32m[1minfo     [0m] [1mRunning job with name 'dev:tap-weatherapi-forecast-to-target-csv' and run ID '019ad67d-d18f-7133-8e73-9968adf8c0db'[0m
[2025-11-30T21:48:07.366+0100] {docker.py:438} INFO - [2m2025-11-30T20:48:07.364430Z[0m [[32m[1minfo     [0m] [1mtarget-csv v0.2.1, Meltano SDK v0.50.2[0m [36mname[0m=[35mtarget-csv[0m
[2025-11-30T21:48:07.366+0100] {docker.py:438} INFO - [2m2025-11-30T20:48:07.364794Z[0m [[32m[1minfo     [0m] [1mSkipping parse of env var settings...[0m [36mname[0m=[35mtarget-csv[0m
[2025-11-30T21:48:07.548+0100] {docker.py:438} INFO - [2m2025-11-30T20:48:07.546277Z[0m [[32m[1minfo     [0m] [1m/app/.meltano/extractors/tap-weatherapi-forecast/venv/lib/python3.13/site-packages/fs/__init__.py:4: UserWarning: pkg_resources is deprecated as an API. See https://setuptools.pypa.io/en/latest/pkg_resources.html. The pkg_resources package is slated for removal as early as 2025-11-30. Refrain from using this package or pin to Setuptools<81.[0m [36mname[0m=[35mtap-weatherapi-forecast[0m
[2025-11-30T21:48:07.548+0100] {docker.py:438} INFO - [2m2025-11-30T20:48:07.546634Z[0m [[32m[1minfo     [0m] [1m  __import__("pkg_resources").declare_namespace(__name__)  # type: ignore[0m [36mname[0m=[35mtap-weatherapi-forecast[0m
[2025-11-30T21:48:08.816+0100] {docker.py:438} INFO - [2m2025-11-30T20:48:08.814981Z[0m [[32m[1minfo     [0m] [1mFound schema in config, not doing discovery.[0m [36mname[0m=[35mtap-weatherapi-forecast[0m
[2025-11-30T21:48:08.818+0100] {docker.py:438} INFO - [2m2025-11-30T20:48:08.816796Z[0m [[32m[1minfo     [0m] [1mBeginning full_table sync of 'weather_forecast_daily'...[0m [36mname[0m=[35mtap-weatherapi-forecast[0m
[2025-11-30T21:48:08.819+0100] {docker.py:438} INFO - [2m2025-11-30T20:48:08.817423Z[0m [[32m[1minfo     [0m] [1mTap has custom mapper. Using 1 provided map(s).[0m [36mname[0m=[35mtap-weatherapi-forecast[0m
[2025-11-30T21:48:08.820+0100] {docker.py:438} INFO - [2m2025-11-30T20:48:08.817783Z[0m [[32m[1minfo     [0m] [1mthe next_page_token_jsonpath = $.next_page.[0m [36mname[0m=[35mtap-weatherapi-forecast[0m
[2025-11-30T21:48:08.828+0100] {docker.py:438} INFO - [2m2025-11-30T20:48:08.827199Z[0m [[32m[1minfo     [0m] [1mWriting to destination file '/app/raw/weather_forecast_daily.csv'...[0m [36mname[0m=[35mtarget-csv[0m
[2025-11-30T21:48:09.329+0100] {docker.py:438} INFO - [2m2025-11-30T20:48:09.325316Z[0m [[32m[1minfo     [0m] [1mMETRIC: {"type": "timer", "metric": "http_request_duration", "value": 0.503309, "tags": {"stream": "weather_forecast_daily", "endpoint": "/forecast.json", "http_status_code": 200, "status": "succeeded"}}[0m [36mname[0m=[35mtap-weatherapi-forecast[0m
[2025-11-30T21:48:09.361+0100] {docker.py:438} INFO - [2m2025-11-30T20:48:09.359308Z[0m [[32m[1minfo     [0m] [1mJSONPath $.forecast.forecastday[*] match count: 3[0m [36mname[0m=[35mtap-weatherapi-forecast[0m
[2025-11-30T21:48:09.361+0100] {docker.py:438} INFO - [2m2025-11-30T20:48:09.359942Z[0m [[32m[1minfo     [0m] [1mProperties ('day_maxtemp_f', 'day_mintemp_f', 'day_avgtemp_f', 'day_maxwind_mph', 'day_maxwind_kph', 'day_totalprecip_in', 'day_totalsnow_cm', 'day_avgvis_km', 'day_avgvis_miles', 'day_daily_will_it_rain', 'day_daily_chance_of_rain', 'day_daily_will_it_snow', 'day_daily_chance_of_snow', 'day_condition_icon', 'day_condition_code', 'astro_sunrise', 'astro_sunset', 'astro_moonrise', 'astro_moonset', 'astro_moon_phase', 'astro_moon_illumination', 'astro_is_moon_up', 'astro_is_sun_up', 'hour') were present in the 'weather_forecast_daily' stream but not found in catalog schema. Ignoring.[0m [36mname[0m=[35mtap-weatherapi-forecast[0m
[2025-11-30T21:48:09.381+0100] {docker.py:438} INFO - [2m2025-11-30T20:48:09.379888Z[0m [[32m[1minfo     [0m] [1mJSONPath $.next_page match count: 0[0m [36mname[0m=[35mtap-weatherapi-forecast[0m
[2025-11-30T21:48:09.382+0100] {docker.py:438} INFO - [2m2025-11-30T20:48:09.380275Z[0m [[32m[1minfo     [0m] [1mMETRIC: {"type": "counter", "metric": "http_request_count", "value": 1, "tags": {"stream": "weather_forecast_daily", "endpoint": "/forecast.json", "pid": 176}}[0m [36mname[0m=[35mtap-weatherapi-forecast[0m
[2025-11-30T21:48:09.383+0100] {docker.py:438} INFO - [2m2025-11-30T20:48:09.380556Z[0m [[32m[1minfo     [0m] [1mMETRIC: {"type": "timer", "metric": "sync_duration", "value": 0.5629251003265381, "tags": {"stream": "weather_forecast_daily", "pid": 176, "context": {}, "status": "succeeded"}}[0m [36mname[0m=[35mtap-weatherapi-forecast[0m
[2025-11-30T21:48:09.384+0100] {docker.py:438} INFO - [2m2025-11-30T20:48:09.380885Z[0m [[32m[1minfo     [0m] [1mMETRIC: {"type": "counter", "metric": "record_count", "value": 3, "tags": {"stream": "weather_forecast_daily", "pid": 176, "context": {}}}[0m [36mname[0m=[35mtap-weatherapi-forecast[0m
[2025-11-30T21:48:09.551+0100] {docker.py:438} INFO - [2m2025-11-30T20:48:09.548663Z[0m [[32m[1minfo     [0m] [1mReader 'target-csv' completed processing 6 lines of input (1 schemas, 3 records, 0 batch manifests, 2 state messages, 0 activate version messages).[0m [36mname[0m=[35mtarget-csv[0m
[2025-11-30T21:48:09.558+0100] {docker.py:438} INFO - [2m2025-11-30T20:48:09.556005Z[0m [[32m[1minfo     [0m] [1mAppending 3 records to file...[0m [36mname[0m=[35mtarget-csv[0m
[2025-11-30T21:48:09.559+0100] {docker.py:438} INFO - [2m2025-11-30T20:48:09.557128Z[0m [[32m[1minfo     [0m] [1mMETRIC                        [0m [36mmetric_name[0m=[35mbatch_processing_time[0m [36mmetric_value[0m=[35m0.0010783672332763672[0m [36mname[0m=[35mtarget-csv[0m
[2025-11-30T21:48:09.569+0100] {docker.py:438} INFO - [2m2025-11-30T20:48:09.567684Z[0m [[32m[1minfo     [0m] [1mMETRIC                        [0m [36mmetric_name[0m=[35mrecord_count[0m [36mmetric_value[0m=[35m3[0m [36mname[0m=[35mtarget-csv[0m
[2025-11-30T21:48:09.588+0100] {docker.py:438} INFO - [2m2025-11-30T20:48:09.587405Z[0m [[32m[1minfo     [0m] [1mUsing systemdb state backend  [0m
[2025-11-30T21:48:09.598+0100] {docker.py:438} INFO - [2m2025-11-30T20:48:09.597311Z[0m [[32m[1minfo     [0m] [1mIncremental state has been updated at 2025-11-30 20:48:09.597269+00:00.[0m
[2025-11-30T21:48:09.660+0100] {docker.py:438} INFO - [2m2025-11-30T20:48:09.658359Z[0m [[32m[1minfo     [0m] [1mBlock run completed           [0m
[2025-11-30T21:48:09.694+0100] {docker.py:438} INFO - [2m2025-11-30T20:48:09.692728Z[0m [[32m[1minfo     [0m] [1m[ok] Cleaned CSV: /app/raw/weather_daily.csv[0m [36mname[0m=[35mweather-tools[0m
[2025-11-30T21:48:09.701+0100] {docker.py:438} INFO - [2m2025-11-30T20:48:09.699357Z[0m [[32m[1minfo     [0m] [1mBlock run completed           [0m
[2025-11-30T21:48:12.104+0100] {docker.py:438} INFO - [2m2025-11-30T20:48:12.102881Z[0m [[32m[1minfo     [0m] [1m[INFO] Cleaning forecast CSV: ./raw/weather_forecast_daily.csv[0m [36mname[0m=[35mweather-tools[0m
[2025-11-30T21:48:12.106+0100] {docker.py:438} INFO - [2m2025-11-30T20:48:12.103243Z[0m [[32m[1minfo     [0m] [1m[INFO] Cleaning done, file overwritten.[0m [36mname[0m=[35mweather-tools[0m
[2025-11-30T21:48:12.210+0100] {docker.py:438} INFO - [2m2025-11-30T20:48:12.207527Z[0m [[32m[1minfo     [0m] [1mBlock run completed           [0m
[2025-11-30T21:48:13.750+0100] {docker.py:438} INFO - [2m2025-11-30T20:48:13.748728Z[0m [[32m[1minfo     [0m] [1mExtension executing `dbt clean`...[0m [36mname[0m=[35mdbt-duckdb[0m
[2025-11-30T21:48:17.805+0100] {docker.py:438} INFO - [2m2025-11-30T20:48:17.803715Z[0m [[32m[1minfo     [0m] [1m[0m20:48:17  Running with dbt=1.10.15[0m [36mname[0m=[35mdbt-duckdb[0m
[2025-11-30T21:48:18.001+0100] {docker.py:438} INFO - [2m2025-11-30T20:48:17.999594Z[0m [[32m[1minfo     [0m] [1m[0m20:48:17  Checking /app/transform/transform/target/*[0m [36mname[0m=[35mdbt-duckdb[0m
[2025-11-30T21:48:18.018+0100] {docker.py:438} INFO - [2m2025-11-30T20:48:18.016316Z[0m [[32m[1minfo     [0m] [1m[0m20:48:18  Cleaned /app/transform/transform/target/*[0m [36mname[0m=[35mdbt-duckdb[0m
[2025-11-30T21:48:18.019+0100] {docker.py:438} INFO - [2m2025-11-30T20:48:18.016862Z[0m [[32m[1minfo     [0m] [1m[0m20:48:18  Finished cleaning all paths.[0m [36mname[0m=[35mdbt-duckdb[0m
[2025-11-30T21:48:19.152+0100] {docker.py:438} INFO - [2m2025-11-30T20:48:19.150833Z[0m [[32m[1minfo     [0m] [1mExtension executing `dbt deps`...[0m [36mname[0m=[35mdbt-duckdb[0m
[2025-11-30T21:48:21.699+0100] {docker.py:438} INFO - [2m2025-11-30T20:48:21.697654Z[0m [[32m[1minfo     [0m] [1m[0m20:48:21  Running with dbt=1.10.15[0m [36mname[0m=[35mdbt-duckdb[0m
[2025-11-30T21:48:21.888+0100] {docker.py:438} INFO - [2m2025-11-30T20:48:21.886951Z[0m [[32m[1minfo     [0m] [1m[0m20:48:21  Warning: No packages were found in packages.yml[0m [36mname[0m=[35mdbt-duckdb[0m
[2025-11-30T21:48:21.890+0100] {docker.py:438} INFO - [2m2025-11-30T20:48:21.888581Z[0m [[32m[1minfo     [0m] [1m[0m20:48:21  Warning: No packages were found in packages.yml[0m [36mname[0m=[35mdbt-duckdb[0m
[2025-11-30T21:48:22.796+0100] {docker.py:438} INFO - [2m2025-11-30T20:48:22.794095Z[0m [[32m[1minfo     [0m] [1mExtension executing `dbt run`...[0m [36mname[0m=[35mdbt-duckdb[0m
[2025-11-30T21:48:24.817+0100] {docker.py:438} INFO - [2m2025-11-30T20:48:24.815253Z[0m [[32m[1minfo     [0m] [1m[0m20:48:24  Running with dbt=1.10.15[0m [36mname[0m=[35mdbt-duckdb[0m
[2025-11-30T21:48:25.282+0100] {docker.py:438} INFO - [2m2025-11-30T20:48:25.280926Z[0m [[32m[1minfo     [0m] [1m[0m20:48:25  Registered adapter: duckdb=1.10.0[0m [36mname[0m=[35mdbt-duckdb[0m
[2025-11-30T21:48:25.389+0100] {docker.py:438} INFO - [2m2025-11-30T20:48:25.387732Z[0m [[32m[1minfo     [0m] [1m[0m20:48:25  Unable to do partial parsing because saved manifest not found. Starting full parse.[0m [36mname[0m=[35mdbt-duckdb[0m
[2025-11-30T21:48:27.642+0100] {docker.py:438} INFO - [2m2025-11-30T20:48:27.641098Z[0m [[32m[1minfo     [0m] [1m[0m20:48:27  Found 6 models, 2 data tests, 468 macros[0m [36mname[0m=[35mdbt-duckdb[0m
[2025-11-30T21:48:27.645+0100] {docker.py:438} INFO - [2m2025-11-30T20:48:27.644363Z[0m [[32m[1minfo     [0m] [1m[0m20:48:27                  [0m [36mname[0m=[35mdbt-duckdb[0m
[2025-11-30T21:48:27.647+0100] {docker.py:438} INFO - [2m2025-11-30T20:48:27.644848Z[0m [[32m[1minfo     [0m] [1m[0m20:48:27  Concurrency: 4 threads (target='dev')[0m [36mname[0m=[35mdbt-duckdb[0m
[2025-11-30T21:48:27.647+0100] {docker.py:438} INFO - [2m2025-11-30T20:48:27.645412Z[0m [[32m[1minfo     [0m] [1m[0m20:48:27                  [0m [36mname[0m=[35mdbt-duckdb[0m
[2025-11-30T21:48:27.835+0100] {docker.py:438} INFO - [2m2025-11-30T20:48:27.833865Z[0m [[32m[1minfo     [0m] [1m[0m20:48:27  1 of 6 START sql table model main.src_weather_daily ............................ [RUN][0m [36mname[0m=[35mdbt-duckdb[0m
[2025-11-30T21:48:27.838+0100] {docker.py:438} INFO - [2m2025-11-30T20:48:27.836810Z[0m [[32m[1minfo     [0m] [1m[0m20:48:27  2 of 6 START sql view model main.src_weather_forecast_daily .................... [RUN][0m [36mname[0m=[35mdbt-duckdb[0m
[2025-11-30T21:48:28.044+0100] {docker.py:438} INFO - [2m2025-11-30T20:48:28.042601Z[0m [[32m[1minfo     [0m] [1m[0m20:48:28  2 of 6 OK created sql view model main.src_weather_forecast_daily ............... [[32mOK[0m in 0.20s][0m [36mname[0m=[35mdbt-duckdb[0m
[2025-11-30T21:48:28.047+0100] {docker.py:438} INFO - [2m2025-11-30T20:48:28.045686Z[0m [[32m[1minfo     [0m] [1m[0m20:48:28  1 of 6 OK created sql table model main.src_weather_daily ....................... [[32mOK[0m in 0.21s][0m [36mname[0m=[35mdbt-duckdb[0m
[2025-11-30T21:48:28.050+0100] {docker.py:438} INFO - [2m2025-11-30T20:48:28.049050Z[0m [[32m[1minfo     [0m] [1m[0m20:48:28  3 of 6 START sql table model main.stg_weather_forecast_daily ................... [RUN][0m [36mname[0m=[35mdbt-duckdb[0m
[2025-11-30T21:48:28.053+0100] {docker.py:438} INFO - [2m2025-11-30T20:48:28.052092Z[0m [[32m[1minfo     [0m] [1m[0m20:48:28  4 of 6 START sql view model main.stg_weather_daily ............................. [RUN][0m [36mname[0m=[35mdbt-duckdb[0m
[2025-11-30T21:48:28.150+0100] {docker.py:438} INFO - [2m2025-11-30T20:48:28.148775Z[0m [[32m[1minfo     [0m] [1m[0m20:48:28  4 of 6 OK created sql view model main.stg_weather_daily ........................ [[32mOK[0m in 0.09s][0m [36mname[0m=[35mdbt-duckdb[0m
[2025-11-30T21:48:28.156+0100] {docker.py:438} INFO - [2m2025-11-30T20:48:28.154407Z[0m [[32m[1minfo     [0m] [1m[0m20:48:28  5 of 6 START sql table model main.mart_weather_features ........................ [RUN][0m [36mname[0m=[35mdbt-duckdb[0m
[2025-11-30T21:48:28.167+0100] {docker.py:438} INFO - [2m2025-11-30T20:48:28.166028Z[0m [[32m[1minfo     [0m] [1m[0m20:48:28  3 of 6 OK created sql table model main.stg_weather_forecast_daily .............. [[32mOK[0m in 0.11s][0m [36mname[0m=[35mdbt-duckdb[0m
[2025-11-30T21:48:28.239+0100] {docker.py:438} INFO - [2m2025-11-30T20:48:28.237472Z[0m [[32m[1minfo     [0m] [1m[0m20:48:28  5 of 6 OK created sql table model main.mart_weather_features ................... [[32mOK[0m in 0.08s][0m [36mname[0m=[35mdbt-duckdb[0m
[2025-11-30T21:48:28.242+0100] {docker.py:438} INFO - [2m2025-11-30T20:48:28.240789Z[0m [[32m[1minfo     [0m] [1m[0m20:48:28  6 of 6 START sql table model main.mart_irrigation_calendar ..................... [RUN][0m [36mname[0m=[35mdbt-duckdb[0m
[2025-11-30T21:48:28.309+0100] {docker.py:438} INFO - [2m2025-11-30T20:48:28.307191Z[0m [[32m[1minfo     [0m] [1m[0m20:48:28  6 of 6 OK created sql table model main.mart_irrigation_calendar ................ [[32mOK[0m in 0.06s][0m [36mname[0m=[35mdbt-duckdb[0m
[2025-11-30T21:48:28.321+0100] {docker.py:438} INFO - [2m2025-11-30T20:48:28.319718Z[0m [[32m[1minfo     [0m] [1m[0m20:48:28                  [0m [36mname[0m=[35mdbt-duckdb[0m
[2025-11-30T21:48:28.322+0100] {docker.py:438} INFO - [2m2025-11-30T20:48:28.320134Z[0m [[32m[1minfo     [0m] [1m[0m20:48:28  Finished running 4 table models, 2 view models in 0 hours 0 minutes and 0.67 seconds (0.67s).[0m [36mname[0m=[35mdbt-duckdb[0m
[2025-11-30T21:48:28.366+0100] {docker.py:438} INFO - [2m2025-11-30T20:48:28.364436Z[0m [[32m[1minfo     [0m] [1m[0m20:48:28                  [0m [36mname[0m=[35mdbt-duckdb[0m
[2025-11-30T21:48:28.367+0100] {docker.py:438} INFO - [2m2025-11-30T20:48:28.364885Z[0m [[32m[1minfo     [0m] [1m[0m20:48:28  [32mCompleted successfully[0m[0m [36mname[0m=[35mdbt-duckdb[0m
[2025-11-30T21:48:28.368+0100] {docker.py:438} INFO - [2m2025-11-30T20:48:28.365456Z[0m [[32m[1minfo     [0m] [1m[0m20:48:28                  [0m [36mname[0m=[35mdbt-duckdb[0m
[2025-11-30T21:48:28.368+0100] {docker.py:438} INFO - [2m2025-11-30T20:48:28.366567Z[0m [[32m[1minfo     [0m] [1m[0m20:48:28  Done. PASS=6 WARN=0 ERROR=0 SKIP=0 NO-OP=0 TOTAL=6[0m [36mname[0m=[35mdbt-duckdb[0m
[2025-11-30T21:48:29.583+0100] {docker.py:438} INFO - [2m2025-11-30T20:48:29.581232Z[0m [[32m[1minfo     [0m] [1mBlock run completed           [0m
[2025-11-30T21:48:29.584+0100] {docker.py:438} INFO - [2m2025-11-30T20:48:29.581869Z[0m [[32m[1minfo     [0m] [1mRun completed                 [0m
[2025-11-30T21:48:31.880+0100] {taskinstance.py:340} INFO - ::group::Post task execution logs
[2025-11-30T21:48:31.882+0100] {taskinstance.py:352} INFO - Marking task as SUCCESS. dag_id=meltano_irrigation_etl, task_id=run_meltano_etl, run_id=manual__2025-11-30T20:21:11.571097+00:00, execution_date=20251130T202111, start_date=20251130T203916, end_date=20251130T204831
[2025-11-30T21:48:31.938+0100] {local_task_job_runner.py:266} INFO - Task exited with return code 0
[2025-11-30T21:48:31.976+0100] {taskinstance.py:3900} INFO - 0 downstream tasks scheduled from follow-on schedule check
[2025-11-30T21:48:31.984+0100] {local_task_job_runner.py:245} INFO - ::endgroup::
