[2025-12-01T04:49:52.653+0100] {local_task_job_runner.py:123} INFO - ::group::Pre task execution logs
[2025-12-01T04:49:52.980+0100] {taskinstance.py:2612} INFO - Dependencies all met for dep_context=non-requeueable deps ti=<TaskInstance: meltano_irrigation_etl.run_meltano_etl scheduled__2025-11-30T00:00:00+00:00 [queued]>
[2025-12-01T04:49:53.112+0100] {taskinstance.py:2612} INFO - Dependencies all met for dep_context=requeueable deps ti=<TaskInstance: meltano_irrigation_etl.run_meltano_etl scheduled__2025-11-30T00:00:00+00:00 [queued]>
[2025-12-01T04:49:53.123+0100] {taskinstance.py:2865} INFO - Starting attempt 1 of 2
[2025-12-01T04:49:53.316+0100] {taskinstance.py:2888} INFO - Executing <Task(DockerOperator): run_meltano_etl> on 2025-11-30 00:00:00+00:00
[2025-12-01T04:49:53.411+0100] {standard_task_runner.py:104} INFO - Running: ['***', 'tasks', 'run', 'meltano_irrigation_etl', 'run_meltano_etl', 'scheduled__2025-11-30T00:00:00+00:00', '--job-id', '12', '--raw', '--subdir', 'DAGS_FOLDER/meltano_etl_dag.py', '--cfg-path', '/tmp/tmptjx1ys7d']
[2025-12-01T04:49:53.446+0100] {logging_mixin.py:190} WARNING - /home/***/.local/lib/python3.12/site-packages/***/task/task_runner/standard_task_runner.py:70 DeprecationWarning: This process (pid=2123) is multi-threaded, use of fork() may lead to deadlocks in the child.
[2025-12-01T04:49:53.478+0100] {standard_task_runner.py:105} INFO - Job 12: Subtask run_meltano_etl
[2025-12-01T04:49:53.518+0100] {standard_task_runner.py:72} INFO - Started process 2126 to run task
[2025-12-01T04:49:54.241+0100] {job.py:229} INFO - Heartbeat recovered after 10811.48 seconds
[2025-12-01T04:49:54.389+0100] {task_command.py:467} INFO - Running <TaskInstance: meltano_irrigation_etl.run_meltano_etl scheduled__2025-11-30T00:00:00+00:00 [running]> on host ec3772d8cb79
[2025-12-01T04:49:56.832+0100] {taskinstance.py:3131} INFO - Exporting env vars: AIRFLOW_CTX_DAG_OWNER='anaselkhabbaz' AIRFLOW_CTX_DAG_ID='meltano_irrigation_etl' AIRFLOW_CTX_TASK_ID='run_meltano_etl' AIRFLOW_CTX_EXECUTION_DATE='2025-11-30T00:00:00+00:00' AIRFLOW_CTX_TRY_NUMBER='1' AIRFLOW_CTX_DAG_RUN_ID='scheduled__2025-11-30T00:00:00+00:00'
[2025-12-01T04:49:56.851+0100] {taskinstance.py:731} INFO - ::endgroup::
[2025-12-01T04:49:57.782+0100] {docker.py:367} INFO - Starting docker container from image anaselkhabbaz/irrigation-etl:latest
[2025-12-01T04:50:11.376+0100] {docker.py:438} INFO - [2m2025-12-01T03:50:11.369749Z[0m [[32m[1minfo     [0m] [1mEnvironment 'dev' is active   [0m
[2025-12-01T04:50:11.938+0100] {docker.py:438} INFO - [2m2025-12-01T03:50:11.934544Z[0m [[33m[1mwarning  [0m] [1mA new version of Meltano is available (v4.0.6) and you are currently running v4.0.5. For more information, visit: https://docs.meltano.com/getting-started/installation.[0m
[2025-12-01T10:56:31.293+0100] {job.py:229} INFO - Heartbeat recovered after 21981.26 seconds
[2025-12-01T10:56:31.390+0100] {local_task_job_runner.py:228} ERROR - Heartbeat time limit exceeded!
[2025-12-01T10:56:31.414+0100] {local_task_job_runner.py:245} INFO - ::endgroup::
[2025-12-01T10:56:31.458+0100] {process_utils.py:132} INFO - Sending 15 to group 2126. PIDs of all processes in the group: [2126]
[2025-12-01T10:56:31.466+0100] {process_utils.py:87} INFO - Sending the signal 15 to group 2126
[2025-12-01T10:56:31.468+0100] {taskinstance.py:3092} ERROR - Received SIGTERM. Terminating subprocesses.
[2025-12-01T10:56:31.474+0100] {docker.py:533} INFO - Stopping docker container
[2025-12-01T10:56:47.296+0100] {taskinstance.py:3310} ERROR - Task failed with exception
Traceback (most recent call last):
  File "/home/airflow/.local/lib/python3.12/site-packages/airflow/models/taskinstance.py", line 767, in _execute_task
    result = _execute_callable(context=context, **execute_callable_kwargs)
             ^^^^^^^^^^^^^^^^^^^^^^^^^^^^^^^^^^^^^^^^^^^^^^^^^^^^^^^^^^^^^
  File "/home/airflow/.local/lib/python3.12/site-packages/airflow/models/taskinstance.py", line 733, in _execute_callable
    return ExecutionCallableRunner(
           ^^^^^^^^^^^^^^^^^^^^^^^^
  File "/home/airflow/.local/lib/python3.12/site-packages/airflow/utils/operator_helpers.py", line 252, in run
    return self.func(*args, **kwargs)
           ^^^^^^^^^^^^^^^^^^^^^^^^^^
  File "/home/airflow/.local/lib/python3.12/site-packages/airflow/models/baseoperator.py", line 406, in wrapper
    return func(self, *args, **kwargs)
           ^^^^^^^^^^^^^^^^^^^^^^^^^^^
  File "/home/airflow/.local/lib/python3.12/site-packages/airflow/providers/docker/operators/docker.py", line 513, in execute
    return self._run_image()
           ^^^^^^^^^^^^^^^^^
  File "/home/airflow/.local/lib/python3.12/site-packages/airflow/providers/docker/operators/docker.py", line 384, in _run_image
    return self._run_image_with_mounts(self.mounts, add_tmp_variable=False)
           ^^^^^^^^^^^^^^^^^^^^^^^^^^^^^^^^^^^^^^^^^^^^^^^^^^^^^^^^^^^^^^^^
  File "/home/airflow/.local/lib/python3.12/site-packages/airflow/providers/docker/operators/docker.py", line 434, in _run_image_with_mounts
    for log_chunk in logstream:
                     ^^^^^^^^^
  File "/home/airflow/.local/lib/python3.12/site-packages/docker/types/daemon.py", line 29, in __next__
    return next(self._stream)
           ^^^^^^^^^^^^^^^^^^
  File "/home/airflow/.local/lib/python3.12/site-packages/docker/api/client.py", line 438, in <genexpr>
    gen = (data for (_, data) in gen)
                                 ^^^
  File "/home/airflow/.local/lib/python3.12/site-packages/docker/utils/socket.py", line 112, in frames_iter_no_tty
    (stream, n) = next_frame_header(socket)
                  ^^^^^^^^^^^^^^^^^^^^^^^^^
  File "/home/airflow/.local/lib/python3.12/site-packages/docker/utils/socket.py", line 84, in next_frame_header
    data = read_exactly(socket, 8)
           ^^^^^^^^^^^^^^^^^^^^^^^
  File "/home/airflow/.local/lib/python3.12/site-packages/docker/utils/socket.py", line 69, in read_exactly
    next_data = read(socket, n - len(data))
                ^^^^^^^^^^^^^^^^^^^^^^^^^^^
  File "/home/airflow/.local/lib/python3.12/site-packages/docker/utils/socket.py", line 40, in read
    poll.poll()
  File "/home/airflow/.local/lib/python3.12/site-packages/airflow/models/taskinstance.py", line 3094, in signal_handler
    raise AirflowTaskTerminated("Task received SIGTERM signal")
airflow.exceptions.AirflowTaskTerminated: Task received SIGTERM signal
[2025-12-01T10:56:48.429+0100] {taskinstance.py:1225} INFO - Marking task as UP_FOR_RETRY. dag_id=meltano_irrigation_etl, task_id=run_meltano_etl, run_id=scheduled__2025-11-30T00:00:00+00:00, execution_date=20251130T000000, start_date=20251201T034953, end_date=20251201T095648
[2025-12-01T10:56:55.450+0100] {taskinstance.py:340} INFO - ::group::Post task execution logs
[2025-12-01T10:56:55.575+0100] {process_utils.py:80} INFO - Process psutil.Process(pid=2126, status='terminated', exitcode=2, started='04:49:52') (2126) terminated with exit code 2
