[2025-11-30T20:03:15.947+0000] {local_task_job_runner.py:123} INFO - ::group::Pre task execution logs
[2025-11-30T20:03:15.973+0000] {taskinstance.py:2612} INFO - Dependencies all met for dep_context=non-requeueable deps ti=<TaskInstance: meltano_irrigation_etl.run_meltano_etl manual__2025-11-30T19:42:47.843705+00:00 [queued]>
[2025-11-30T20:03:15.982+0000] {taskinstance.py:2612} INFO - Dependencies all met for dep_context=requeueable deps ti=<TaskInstance: meltano_irrigation_etl.run_meltano_etl manual__2025-11-30T19:42:47.843705+00:00 [queued]>
[2025-11-30T20:03:15.988+0000] {taskinstance.py:2865} INFO - Starting attempt 2 of 2
[2025-11-30T20:03:16.003+0000] {taskinstance.py:2888} INFO - Executing <Task(DockerOperator): run_meltano_etl> on 2025-11-30 19:42:47.843705+00:00
[2025-11-30T20:03:16.011+0000] {standard_task_runner.py:104} INFO - Running: ['***', 'tasks', 'run', 'meltano_irrigation_etl', 'run_meltano_etl', 'manual__2025-11-30T19:42:47.843705+00:00', '--job-id', '5', '--raw', '--subdir', 'DAGS_FOLDER/meltano_etl_dag.py', '--cfg-path', '/tmp/tmp46z3q4dr']
[2025-11-30T20:03:16.014+0000] {standard_task_runner.py:105} INFO - Job 5: Subtask run_meltano_etl
[2025-11-30T20:03:16.015+0000] {logging_mixin.py:190} WARNING - /home/***/.local/lib/python3.12/site-packages/***/task/task_runner/standard_task_runner.py:70 DeprecationWarning: This process (pid=403) is multi-threaded, use of fork() may lead to deadlocks in the child.
[2025-11-30T20:03:16.016+0000] {standard_task_runner.py:72} INFO - Started process 404 to run task
[2025-11-30T20:03:16.096+0000] {task_command.py:467} INFO - Running <TaskInstance: meltano_irrigation_etl.run_meltano_etl manual__2025-11-30T19:42:47.843705+00:00 [running]> on host bcf6e1894e0d
[2025-11-30T20:03:16.194+0000] {taskinstance.py:3131} INFO - Exporting env vars: AIRFLOW_CTX_DAG_OWNER='anaselkhabbaz' AIRFLOW_CTX_DAG_ID='meltano_irrigation_etl' AIRFLOW_CTX_TASK_ID='run_meltano_etl' AIRFLOW_CTX_EXECUTION_DATE='2025-11-30T19:42:47.843705+00:00' AIRFLOW_CTX_TRY_NUMBER='2' AIRFLOW_CTX_DAG_RUN_ID='manual__2025-11-30T19:42:47.843705+00:00'
[2025-11-30T20:03:16.195+0000] {taskinstance.py:731} INFO - ::endgroup::
[2025-11-30T20:03:16.283+0000] {docker.py:367} INFO - Starting docker container from image anaselkhabbaz/irrigation-etl:latest
[2025-11-30T20:03:18.177+0000] {docker.py:438} INFO - [2m2025-11-30T20:03:18.175119Z[0m [[32m[1minfo     [0m] [1mEnvironment 'dev' is active   [0m
[2025-11-30T20:03:25.864+0000] {docker.py:438} INFO - [2m2025-11-30T20:03:25.862934Z[0m [[33m[1mwarning  [0m] [1mA new version of Meltano is available (v4.0.6) and you are currently running v4.0.5. For more information, visit: https://docs.meltano.com/getting-started/installation.[0m
[2025-11-30T20:03:26.335+0000] {docker.py:438} INFO - [2m2025-11-30T20:03:26.334086Z[0m [[32m[1minfo     [0m] [1mInstalling extractor 'tap-rest-api-msdk'[0m
[2025-11-30T20:03:26.357+0000] {docker.py:438} INFO - [2m2025-11-30T20:03:26.356428Z[0m [[32m[1minfo     [0m] [1mInstalling loader 'target-csv'[0m
[2025-11-30T20:03:26.378+0000] {docker.py:438} INFO - [2m2025-11-30T20:03:26.376729Z[0m [[32m[1minfo     [0m] [1mInstalling extractor 'tap-weatherapi-forecast'[0m
[2025-11-30T20:03:26.397+0000] {docker.py:438} INFO - [2m2025-11-30T20:03:26.396233Z[0m [[32m[1minfo     [0m] [1mInstalling utility 'weather-tools'[0m
[2025-11-30T20:03:26.424+0000] {docker.py:438} INFO - [2m2025-11-30T20:03:26.422831Z[0m [[32m[1minfo     [0m] [1mInstalling utility 'dbt-duckdb'[0m
[2025-11-30T20:03:51.667+0000] {docker.py:438} INFO - [2m2025-11-30T20:03:51.665029Z[0m [[32m[1minfo     [0m] [1mInstalled loader 'target-csv' [0m
[2025-11-30T20:04:17.283+0000] {docker.py:438} INFO - [2m2025-11-30T20:04:17.281235Z[0m [[32m[1minfo     [0m] [1mInstalled utility 'weather-tools'[0m
[2025-11-30T20:04:17.327+0000] {docker.py:438} INFO - [2m2025-11-30T20:04:17.325320Z[0m [[32m[1minfo     [0m] [1mInstalled extractor 'tap-rest-api-msdk'[0m
[2025-11-30T20:04:20.852+0000] {docker.py:438} INFO - [2m2025-11-30T20:04:20.850968Z[0m [[32m[1minfo     [0m] [1mInstalled extractor 'tap-weatherapi-forecast'[0m
[2025-11-30T20:04:31.076+0000] {docker.py:438} INFO - [2m2025-11-30T20:04:31.074711Z[0m [[32m[1minfo     [0m] [1mInstalled utility 'dbt-duckdb'[0m
[2025-11-30T20:04:31.077+0000] {docker.py:438} INFO - [2m2025-11-30T20:04:31.074959Z[0m [[32m[1minfo     [0m] [1mInstalled 5/7 plugins         [0m
[2025-11-30T20:04:31.078+0000] {docker.py:438} INFO - [2m2025-11-30T20:04:31.075086Z[0m [[32m[1minfo     [0m] [1mSkipped installing 2/7 plugins[0m
[2025-11-30T20:04:31.078+0000] {docker.py:438} INFO - [2m2025-11-30T20:04:31.076211Z[0m [[32m[1minfo     [0m] [1mRunning job with name 'dev:tap-rest-api-msdk-to-target-csv' and run ID '019ad65c-ef04-7a2b-ac5e-82dbe8bcc718'[0m
[2025-11-30T20:04:32.628+0000] {docker.py:438} INFO - [2m2025-11-30T20:04:32.627007Z[0m [[32m[1minfo     [0m] [1m/app/.meltano/extractors/tap-rest-api-msdk/venv/lib/python3.13/site-packages/fs/__init__.py:4: UserWarning: pkg_resources is deprecated as an API. See https://setuptools.pypa.io/en/latest/pkg_resources.html. The pkg_resources package is slated for removal as early as 2025-11-30. Refrain from using this package or pin to Setuptools<81.[0m [36mname[0m=[35mtap-rest-api-msdk[0m
[2025-11-30T20:04:32.629+0000] {docker.py:438} INFO - [2m2025-11-30T20:04:32.627304Z[0m [[32m[1minfo     [0m] [1m  __import__("pkg_resources").declare_namespace(__name__)  # type: ignore[0m [36mname[0m=[35mtap-rest-api-msdk[0m
[2025-11-30T20:04:33.657+0000] {docker.py:438} INFO - [2m2025-11-30T20:04:33.654793Z[0m [[32m[1minfo     [0m] [1mtarget-csv v0.2.1, Meltano SDK v0.50.2[0m [36mname[0m=[35mtarget-csv[0m
[2025-11-30T20:04:33.658+0000] {docker.py:438} INFO - [2m2025-11-30T20:04:33.655596Z[0m [[32m[1minfo     [0m] [1mSkipping parse of env var settings...[0m [36mname[0m=[35mtarget-csv[0m
[2025-11-30T20:04:35.503+0000] {docker.py:438} INFO - [2m2025-11-30T20:04:35.499862Z[0m [[32m[1minfo     [0m] [1mFound schema in config, not doing discovery.[0m [36mname[0m=[35mtap-rest-api-msdk[0m
[2025-11-30T20:04:35.511+0000] {docker.py:438} INFO - [2m2025-11-30T20:04:35.508222Z[0m [[32m[1minfo     [0m] [1mBeginning full_table sync of 'weather_daily'...[0m [36mname[0m=[35mtap-rest-api-msdk[0m
[2025-11-30T20:04:35.513+0000] {docker.py:438} INFO - [2m2025-11-30T20:04:35.509257Z[0m [[32m[1minfo     [0m] [1mTap has custom mapper. Using 1 provided map(s).[0m [36mname[0m=[35mtap-rest-api-msdk[0m
[2025-11-30T20:04:35.515+0000] {docker.py:438} INFO - [2m2025-11-30T20:04:35.509701Z[0m [[32m[1minfo     [0m] [1mthe next_page_token_jsonpath = $.next_page.[0m [36mname[0m=[35mtap-rest-api-msdk[0m
[2025-11-30T20:04:35.533+0000] {docker.py:438} INFO - [2m2025-11-30T20:04:35.530854Z[0m [[32m[1minfo     [0m] [1mWriting to destination file '/app/raw/weather_daily.csv'...[0m [36mname[0m=[35mtarget-csv[0m
[2025-11-30T20:04:36.347+0000] {docker.py:438} INFO - [2m2025-11-30T20:04:36.346067Z[0m [[32m[1minfo     [0m] [1mMETRIC: {"type": "timer", "metric": "http_request_duration", "value": 0.834452, "tags": {"stream": "weather_daily", "endpoint": "/point/daily", "http_status_code": 401, "status": "failed"}}[0m [36mname[0m=[35mtap-rest-api-msdk[0m
[2025-11-30T20:04:36.348+0000] {docker.py:438} INFO - [2m2025-11-30T20:04:36.346348Z[0m [[32m[1minfo     [0m] [1mMETRIC: {"type": "counter", "metric": "http_request_count", "value": 0, "tags": {"stream": "weather_daily", "endpoint": "/point/daily", "pid": 150}}[0m [36mname[0m=[35mtap-rest-api-msdk[0m
[2025-11-30T20:04:36.349+0000] {docker.py:438} INFO - [2m2025-11-30T20:04:36.346639Z[0m [[32m[1minfo     [0m] [1mMETRIC: {"type": "timer", "metric": "sync_duration", "value": 0.8373672962188721, "tags": {"stream": "weather_daily", "pid": 150, "context": {}, "status": "failed"}}[0m [36mname[0m=[35mtap-rest-api-msdk[0m
[2025-11-30T20:04:36.350+0000] {docker.py:438} INFO - [2m2025-11-30T20:04:36.346945Z[0m [[32m[1minfo     [0m] [1mMETRIC: {"type": "counter", "metric": "record_count", "value": 0, "tags": {"stream": "weather_daily", "pid": 150, "context": {}}}[0m [36mname[0m=[35mtap-rest-api-msdk[0m
[2025-11-30T20:04:36.352+0000] {docker.py:438} INFO - [2m2025-11-30T20:04:36.349179Z[0m [[32m[1minfo     [0m] [1mAn unhandled error occurred while syncing 'weather_daily'[0m [36mname[0m=[35mtap-rest-api-msdk[0m
[2025-11-30T20:04:36.354+0000] {docker.py:438} INFO - [2m2025-11-30T20:04:36.349545Z[0m [[32m[1minfo     [0m] [1mTraceback (most recent call last):[0m [36mname[0m=[35mtap-rest-api-msdk[0m
[2025-11-30T20:04:36.355+0000] {docker.py:438} INFO - [2m2025-11-30T20:04:36.349842Z[0m [[32m[1minfo     [0m] [1m  File "/app/.meltano/extractors/tap-rest-api-msdk/venv/lib/python3.13/site-packages/singer_sdk/streams/core.py", line 1214, in sync[0m [36mname[0m=[35mtap-rest-api-msdk[0m
[2025-11-30T20:04:36.356+0000] {docker.py:438} INFO - [2m2025-11-30T20:04:36.350238Z[0m [[32m[1minfo     [0m] [1m    for _ in self._sync_records(context=context):[0m [36mname[0m=[35mtap-rest-api-msdk[0m
[2025-11-30T20:04:36.356+0000] {docker.py:438} INFO - [2m2025-11-30T20:04:36.350768Z[0m [[32m[1minfo     [0m] [1m             ~~~~~~~~~~~~~~~~~~^^^^^^^^^^^^^^^^^[0m [36mname[0m=[35mtap-rest-api-msdk[0m
[2025-11-30T20:04:36.357+0000] {docker.py:438} INFO - [2m2025-11-30T20:04:36.351267Z[0m [[32m[1minfo     [0m] [1m  File "/app/.meltano/extractors/tap-rest-api-msdk/venv/lib/python3.13/site-packages/singer_sdk/streams/core.py", line 1111, in _sync_records[0m [36mname[0m=[35mtap-rest-api-msdk[0m
[2025-11-30T20:04:36.358+0000] {docker.py:438} INFO - [2m2025-11-30T20:04:36.351773Z[0m [[32m[1minfo     [0m] [1m    for idx, record_result in enumerate(self.get_records(current_context)):[0m [36mname[0m=[35mtap-rest-api-msdk[0m
[2025-11-30T20:04:36.359+0000] {docker.py:438} INFO - [2m2025-11-30T20:04:36.352148Z[0m [[32m[1minfo     [0m] [1m                              ~~~~~~~~~^^^^^^^^^^^^^^^^^^^^^^^^^^^^^^^^^^^[0m [36mname[0m=[35mtap-rest-api-msdk[0m
[2025-11-30T20:04:36.361+0000] {docker.py:438} INFO - [2m2025-11-30T20:04:36.352549Z[0m [[32m[1minfo     [0m] [1m  File "/app/.meltano/extractors/tap-rest-api-msdk/venv/lib/python3.13/site-packages/singer_sdk/streams/rest.py", line 595, in get_records[0m [36mname[0m=[35mtap-rest-api-msdk[0m
[2025-11-30T20:04:36.362+0000] {docker.py:438} INFO - [2m2025-11-30T20:04:36.353059Z[0m [[32m[1minfo     [0m] [1m    for record in self.request_records(context):[0m [36mname[0m=[35mtap-rest-api-msdk[0m
[2025-11-30T20:04:36.363+0000] {docker.py:438} INFO - [2m2025-11-30T20:04:36.353516Z[0m [[32m[1minfo     [0m] [1m                  ~~~~~~~~~~~~~~~~~~~~^^^^^^^^^[0m [36mname[0m=[35mtap-rest-api-msdk[0m
[2025-11-30T20:04:36.364+0000] {docker.py:438} INFO - [2m2025-11-30T20:04:36.353868Z[0m [[32m[1minfo     [0m] [1m  File "/app/.meltano/extractors/tap-rest-api-msdk/venv/lib/python3.13/site-packages/singer_sdk/streams/rest.py", line 407, in request_records[0m [36mname[0m=[35mtap-rest-api-msdk[0m
[2025-11-30T20:04:36.365+0000] {docker.py:438} INFO - [2m2025-11-30T20:04:36.354205Z[0m [[32m[1minfo     [0m] [1m    resp = decorated_request(prepared_request, context)[0m [36mname[0m=[35mtap-rest-api-msdk[0m
[2025-11-30T20:04:36.366+0000] {docker.py:438} INFO - [2m2025-11-30T20:04:36.354612Z[0m [[32m[1minfo     [0m] [1m  File "/app/.meltano/extractors/tap-rest-api-msdk/venv/lib/python3.13/site-packages/backoff/_sync.py", line 105, in retry[0m [36mname[0m=[35mtap-rest-api-msdk[0m
[2025-11-30T20:04:36.367+0000] {docker.py:438} INFO - [2m2025-11-30T20:04:36.354994Z[0m [[32m[1minfo     [0m] [1m    ret = target(*args, **kwargs)[0m [36mname[0m=[35mtap-rest-api-msdk[0m
[2025-11-30T20:04:36.368+0000] {docker.py:438} INFO - [2m2025-11-30T20:04:36.355408Z[0m [[32m[1minfo     [0m] [1m  File "/app/.meltano/extractors/tap-rest-api-msdk/venv/lib/python3.13/site-packages/singer_sdk/streams/rest.py", line 292, in _request[0m [36mname[0m=[35mtap-rest-api-msdk[0m
[2025-11-30T20:04:36.369+0000] {docker.py:438} INFO - [2m2025-11-30T20:04:36.355563Z[0m [[32m[1minfo     [0m] [1m    self.validate_response(response)[0m [36mname[0m=[35mtap-rest-api-msdk[0m
[2025-11-30T20:04:36.370+0000] {docker.py:438} INFO - [2m2025-11-30T20:04:36.355805Z[0m [[32m[1minfo     [0m] [1m    ~~~~~~~~~~~~~~~~~~~~~~^^^^^^^^^^[0m [36mname[0m=[35mtap-rest-api-msdk[0m
[2025-11-30T20:04:36.372+0000] {docker.py:438} INFO - [2m2025-11-30T20:04:36.356051Z[0m [[32m[1minfo     [0m] [1m  File "/app/.meltano/extractors/tap-rest-api-msdk/venv/lib/python3.13/site-packages/singer_sdk/streams/rest.py", line 207, in validate_response[0m [36mname[0m=[35mtap-rest-api-msdk[0m
[2025-11-30T20:04:36.373+0000] {docker.py:438} INFO - [2m2025-11-30T20:04:36.356197Z[0m [[32m[1minfo     [0m] [1m    raise FatalAPIError(msg)  [0m [36mname[0m=[35mtap-rest-api-msdk[0m
[2025-11-30T20:04:36.374+0000] {docker.py:438} INFO - [2m2025-11-30T20:04:36.356367Z[0m [[32m[1minfo     [0m] [1msinger_sdk.exceptions.FatalAPIError: 401 Client Error: Unauthorized for path: /point/daily[0m [36mname[0m=[35mtap-rest-api-msdk[0m
[2025-11-30T20:04:36.375+0000] {docker.py:438} INFO - [2m2025-11-30T20:04:36.356671Z[0m [[32m[1minfo     [0m] [1mTraceback (most recent call last):[0m [36mname[0m=[35mtap-rest-api-msdk[0m
[2025-11-30T20:04:36.376+0000] {docker.py:438} INFO - [2m2025-11-30T20:04:36.356890Z[0m [[32m[1minfo     [0m] [1m  File "/app/.meltano/extractors/tap-rest-api-msdk/venv/bin/tap-rest-api-msdk", line 10, in <module>[0m [36mname[0m=[35mtap-rest-api-msdk[0m
[2025-11-30T20:04:36.378+0000] {docker.py:438} INFO - [2m2025-11-30T20:04:36.357148Z[0m [[32m[1minfo     [0m] [1m    sys.exit(TapRestApiMsdk.cli())[0m [36mname[0m=[35mtap-rest-api-msdk[0m
[2025-11-30T20:04:36.379+0000] {docker.py:438} INFO - [2m2025-11-30T20:04:36.357380Z[0m [[32m[1minfo     [0m] [1m             ~~~~~~~~~~~~~~~~~~^^[0m [36mname[0m=[35mtap-rest-api-msdk[0m
[2025-11-30T20:04:36.379+0000] {docker.py:438} INFO - [2m2025-11-30T20:04:36.357590Z[0m [[32m[1minfo     [0m] [1m  File "/app/.meltano/extractors/tap-rest-api-msdk/venv/lib/python3.13/site-packages/click/core.py", line 1485, in __call__[0m [36mname[0m=[35mtap-rest-api-msdk[0m
[2025-11-30T20:04:36.380+0000] {docker.py:438} INFO - [2m2025-11-30T20:04:36.357716Z[0m [[32m[1minfo     [0m] [1m    return self.main(*args, **kwargs)[0m [36mname[0m=[35mtap-rest-api-msdk[0m
[2025-11-30T20:04:36.381+0000] {docker.py:438} INFO - [2m2025-11-30T20:04:36.357828Z[0m [[32m[1minfo     [0m] [1m           ~~~~~~~~~^^^^^^^^^^^^^^^^^[0m [36mname[0m=[35mtap-rest-api-msdk[0m
[2025-11-30T20:04:36.382+0000] {docker.py:438} INFO - [2m2025-11-30T20:04:36.357939Z[0m [[32m[1minfo     [0m] [1m  File "/app/.meltano/extractors/tap-rest-api-msdk/venv/lib/python3.13/site-packages/click/core.py", line 1406, in main[0m [36mname[0m=[35mtap-rest-api-msdk[0m
[2025-11-30T20:04:36.382+0000] {docker.py:438} INFO - [2m2025-11-30T20:04:36.358380Z[0m [[32m[1minfo     [0m] [1m    rv = self.invoke(ctx)     [0m [36mname[0m=[35mtap-rest-api-msdk[0m
[2025-11-30T20:04:36.383+0000] {docker.py:438} INFO - [2m2025-11-30T20:04:36.358787Z[0m [[32m[1minfo     [0m] [1m  File "/app/.meltano/extractors/tap-rest-api-msdk/venv/lib/python3.13/site-packages/singer_sdk/plugin_base.py", line 82, in invoke[0m [36mname[0m=[35mtap-rest-api-msdk[0m
[2025-11-30T20:04:36.384+0000] {docker.py:438} INFO - [2m2025-11-30T20:04:36.359219Z[0m [[32m[1minfo     [0m] [1m    return super().invoke(ctx)[0m [36mname[0m=[35mtap-rest-api-msdk[0m
[2025-11-30T20:04:36.385+0000] {docker.py:438} INFO - [2m2025-11-30T20:04:36.359652Z[0m [[32m[1minfo     [0m] [1m           ~~~~~~~~~~~~~~^^^^^[0m [36mname[0m=[35mtap-rest-api-msdk[0m
[2025-11-30T20:04:36.385+0000] {docker.py:438} INFO - [2m2025-11-30T20:04:36.361482Z[0m [[32m[1minfo     [0m] [1m  File "/app/.meltano/extractors/tap-rest-api-msdk/venv/lib/python3.13/site-packages/click/core.py", line 1269, in invoke[0m [36mname[0m=[35mtap-rest-api-msdk[0m
[2025-11-30T20:04:36.387+0000] {docker.py:438} INFO - [2m2025-11-30T20:04:36.362238Z[0m [[32m[1minfo     [0m] [1m    return ctx.invoke(self.callback, **ctx.params)[0m [36mname[0m=[35mtap-rest-api-msdk[0m
[2025-11-30T20:04:36.387+0000] {docker.py:438} INFO - [2m2025-11-30T20:04:36.363511Z[0m [[32m[1minfo     [0m] [1m           ~~~~~~~~~~^^^^^^^^^^^^^^^^^^^^^^^^^^^^^[0m [36mname[0m=[35mtap-rest-api-msdk[0m
[2025-11-30T20:04:36.388+0000] {docker.py:438} INFO - [2m2025-11-30T20:04:36.364018Z[0m [[32m[1minfo     [0m] [1m  File "/app/.meltano/extractors/tap-rest-api-msdk/venv/lib/python3.13/site-packages/click/core.py", line 824, in invoke[0m [36mname[0m=[35mtap-rest-api-msdk[0m
[2025-11-30T20:04:36.389+0000] {docker.py:438} INFO - [2m2025-11-30T20:04:36.364630Z[0m [[32m[1minfo     [0m] [1m    return callback(*args, **kwargs)[0m [36mname[0m=[35mtap-rest-api-msdk[0m
[2025-11-30T20:04:36.389+0000] {docker.py:438} INFO - [2m2025-11-30T20:04:36.365790Z[0m [[32m[1minfo     [0m] [1m  File "/app/.meltano/extractors/tap-rest-api-msdk/venv/lib/python3.13/site-packages/singer_sdk/tap_base.py", line 507, in invoke[0m [36mname[0m=[35mtap-rest-api-msdk[0m
[2025-11-30T20:04:36.390+0000] {docker.py:438} INFO - [2m2025-11-30T20:04:36.366838Z[0m [[32m[1minfo     [0m] [1m    tap.sync_all()            [0m [36mname[0m=[35mtap-rest-api-msdk[0m
[2025-11-30T20:04:36.391+0000] {docker.py:438} INFO - [2m2025-11-30T20:04:36.367582Z[0m [[32m[1minfo     [0m] [1m    ~~~~~~~~~~~~^^            [0m [36mname[0m=[35mtap-rest-api-msdk[0m
[2025-11-30T20:04:36.392+0000] {docker.py:438} INFO - [2m2025-11-30T20:04:36.368203Z[0m [[32m[1minfo     [0m] [1m  File "/app/.meltano/extractors/tap-rest-api-msdk/venv/lib/python3.13/site-packages/singer_sdk/tap_base.py", line 466, in sync_all[0m [36mname[0m=[35mtap-rest-api-msdk[0m
[2025-11-30T20:04:36.392+0000] {docker.py:438} INFO - [2m2025-11-30T20:04:36.368691Z[0m [[32m[1minfo     [0m] [1m    stream.sync()             [0m [36mname[0m=[35mtap-rest-api-msdk[0m
[2025-11-30T20:04:36.393+0000] {docker.py:438} INFO - [2m2025-11-30T20:04:36.369173Z[0m [[32m[1minfo     [0m] [1m    ~~~~~~~~~~~^^             [0m [36mname[0m=[35mtap-rest-api-msdk[0m
[2025-11-30T20:04:36.393+0000] {docker.py:438} INFO - [2m2025-11-30T20:04:36.369563Z[0m [[32m[1minfo     [0m] [1m  File "/app/.meltano/extractors/tap-rest-api-msdk/venv/lib/python3.13/site-packages/singer_sdk/streams/core.py", line 1214, in sync[0m [36mname[0m=[35mtap-rest-api-msdk[0m
[2025-11-30T20:04:36.394+0000] {docker.py:438} INFO - [2m2025-11-30T20:04:36.370096Z[0m [[32m[1minfo     [0m] [1m    for _ in self._sync_records(context=context):[0m [36mname[0m=[35mtap-rest-api-msdk[0m
[2025-11-30T20:04:36.394+0000] {docker.py:438} INFO - [2m2025-11-30T20:04:36.370583Z[0m [[32m[1minfo     [0m] [1m             ~~~~~~~~~~~~~~~~~~^^^^^^^^^^^^^^^^^[0m [36mname[0m=[35mtap-rest-api-msdk[0m
[2025-11-30T20:04:36.395+0000] {docker.py:438} INFO - [2m2025-11-30T20:04:36.371015Z[0m [[32m[1minfo     [0m] [1m  File "/app/.meltano/extractors/tap-rest-api-msdk/venv/lib/python3.13/site-packages/singer_sdk/streams/core.py", line 1111, in _sync_records[0m [36mname[0m=[35mtap-rest-api-msdk[0m
[2025-11-30T20:04:36.396+0000] {docker.py:438} INFO - [2m2025-11-30T20:04:36.371684Z[0m [[32m[1minfo     [0m] [1m    for idx, record_result in enumerate(self.get_records(current_context)):[0m [36mname[0m=[35mtap-rest-api-msdk[0m
[2025-11-30T20:04:36.396+0000] {docker.py:438} INFO - [2m2025-11-30T20:04:36.372126Z[0m [[32m[1minfo     [0m] [1m                              ~~~~~~~~~^^^^^^^^^^^^^^^^^^^^^^^^^^^^^^^^^^^[0m [36mname[0m=[35mtap-rest-api-msdk[0m
[2025-11-30T20:04:36.397+0000] {docker.py:438} INFO - [2m2025-11-30T20:04:36.372521Z[0m [[32m[1minfo     [0m] [1m  File "/app/.meltano/extractors/tap-rest-api-msdk/venv/lib/python3.13/site-packages/singer_sdk/streams/rest.py", line 595, in get_records[0m [36mname[0m=[35mtap-rest-api-msdk[0m
[2025-11-30T20:04:36.397+0000] {docker.py:438} INFO - [2m2025-11-30T20:04:36.372965Z[0m [[32m[1minfo     [0m] [1m    for record in self.request_records(context):[0m [36mname[0m=[35mtap-rest-api-msdk[0m
[2025-11-30T20:04:36.398+0000] {docker.py:438} INFO - [2m2025-11-30T20:04:36.373412Z[0m [[32m[1minfo     [0m] [1m                  ~~~~~~~~~~~~~~~~~~~~^^^^^^^^^[0m [36mname[0m=[35mtap-rest-api-msdk[0m
[2025-11-30T20:04:36.399+0000] {docker.py:438} INFO - [2m2025-11-30T20:04:36.373857Z[0m [[32m[1minfo     [0m] [1m  File "/app/.meltano/extractors/tap-rest-api-msdk/venv/lib/python3.13/site-packages/singer_sdk/streams/rest.py", line 407, in request_records[0m [36mname[0m=[35mtap-rest-api-msdk[0m
[2025-11-30T20:04:36.399+0000] {docker.py:438} INFO - [2m2025-11-30T20:04:36.374364Z[0m [[32m[1minfo     [0m] [1m    resp = decorated_request(prepared_request, context)[0m [36mname[0m=[35mtap-rest-api-msdk[0m
[2025-11-30T20:04:36.400+0000] {docker.py:438} INFO - [2m2025-11-30T20:04:36.374794Z[0m [[32m[1minfo     [0m] [1m  File "/app/.meltano/extractors/tap-rest-api-msdk/venv/lib/python3.13/site-packages/backoff/_sync.py", line 105, in retry[0m [36mname[0m=[35mtap-rest-api-msdk[0m
[2025-11-30T20:04:36.400+0000] {docker.py:438} INFO - [2m2025-11-30T20:04:36.375247Z[0m [[32m[1minfo     [0m] [1m    ret = target(*args, **kwargs)[0m [36mname[0m=[35mtap-rest-api-msdk[0m
[2025-11-30T20:04:36.401+0000] {docker.py:438} INFO - [2m2025-11-30T20:04:36.375741Z[0m [[32m[1minfo     [0m] [1m  File "/app/.meltano/extractors/tap-rest-api-msdk/venv/lib/python3.13/site-packages/singer_sdk/streams/rest.py", line 292, in _request[0m [36mname[0m=[35mtap-rest-api-msdk[0m
[2025-11-30T20:04:36.402+0000] {docker.py:438} INFO - [2m2025-11-30T20:04:36.376251Z[0m [[32m[1minfo     [0m] [1m    self.validate_response(response)[0m [36mname[0m=[35mtap-rest-api-msdk[0m
[2025-11-30T20:04:36.402+0000] {docker.py:438} INFO - [2m2025-11-30T20:04:36.376707Z[0m [[32m[1minfo     [0m] [1m    ~~~~~~~~~~~~~~~~~~~~~~^^^^^^^^^^[0m [36mname[0m=[35mtap-rest-api-msdk[0m
[2025-11-30T20:04:36.403+0000] {docker.py:438} INFO - [2m2025-11-30T20:04:36.377088Z[0m [[32m[1minfo     [0m] [1m  File "/app/.meltano/extractors/tap-rest-api-msdk/venv/lib/python3.13/site-packages/singer_sdk/streams/rest.py", line 207, in validate_response[0m [36mname[0m=[35mtap-rest-api-msdk[0m
[2025-11-30T20:04:36.404+0000] {docker.py:438} INFO - [2m2025-11-30T20:04:36.377601Z[0m [[32m[1minfo     [0m] [1m    raise FatalAPIError(msg)  [0m [36mname[0m=[35mtap-rest-api-msdk[0m
[2025-11-30T20:04:36.405+0000] {docker.py:438} INFO - [2m2025-11-30T20:04:36.378121Z[0m [[32m[1minfo     [0m] [1msinger_sdk.exceptions.FatalAPIError: 401 Client Error: Unauthorized for path: /point/daily[0m [36mname[0m=[35mtap-rest-api-msdk[0m
[2025-11-30T20:04:36.521+0000] {docker.py:438} INFO - [2m2025-11-30T20:04:36.520550Z[0m [[32m[1minfo     [0m] [1mReader 'target-csv' completed processing 2 lines of input (1 schemas, 0 records, 0 batch manifests, 1 state messages, 0 activate version messages).[0m [36mname[0m=[35mtarget-csv[0m
[2025-11-30T20:04:36.547+0000] {docker.py:438} INFO - [2m2025-11-30T20:04:36.545797Z[0m [[32m[1minfo     [0m] [1mMETRIC                        [0m [36mmetric_name[0m=[35mrecord_count[0m [36mmetric_value[0m=[35m0[0m [36mname[0m=[35mtarget-csv[0m
[2025-11-30T20:04:36.643+0000] {docker.py:438} INFO - [2m2025-11-30T20:04:36.641795Z[0m [[31m[1merror    [0m] [1mExtractor failed              [0m
[2025-11-30T20:04:36.644+0000] {docker.py:438} INFO - [2m2025-11-30T20:04:36.642286Z[0m [[31m[1merror    [0m] [1mBlock run completed           [0m
[2025-11-30T20:04:36.646+0000] {docker.py:438} INFO - [2m2025-11-30T20:04:36.644666Z[0m [[32m[1minfo     [0m] [1mRun completed                 [0m
[2025-11-30T20:04:40.616+0000] {taskinstance.py:3310} ERROR - Task failed with exception
Traceback (most recent call last):
  File "/home/airflow/.local/lib/python3.12/site-packages/airflow/models/taskinstance.py", line 767, in _execute_task
    result = _execute_callable(context=context, **execute_callable_kwargs)
             ^^^^^^^^^^^^^^^^^^^^^^^^^^^^^^^^^^^^^^^^^^^^^^^^^^^^^^^^^^^^^
  File "/home/airflow/.local/lib/python3.12/site-packages/airflow/models/taskinstance.py", line 733, in _execute_callable
    return ExecutionCallableRunner(
           ^^^^^^^^^^^^^^^^^^^^^^^^
  File "/home/airflow/.local/lib/python3.12/site-packages/airflow/utils/operator_helpers.py", line 252, in run
    return self.func(*args, **kwargs)
           ^^^^^^^^^^^^^^^^^^^^^^^^^^
  File "/home/airflow/.local/lib/python3.12/site-packages/airflow/models/baseoperator.py", line 406, in wrapper
    return func(self, *args, **kwargs)
           ^^^^^^^^^^^^^^^^^^^^^^^^^^^
  File "/home/airflow/.local/lib/python3.12/site-packages/airflow/providers/docker/operators/docker.py", line 513, in execute
    return self._run_image()
           ^^^^^^^^^^^^^^^^^
  File "/home/airflow/.local/lib/python3.12/site-packages/airflow/providers/docker/operators/docker.py", line 384, in _run_image
    return self._run_image_with_mounts(self.mounts, add_tmp_variable=False)
           ^^^^^^^^^^^^^^^^^^^^^^^^^^^^^^^^^^^^^^^^^^^^^^^^^^^^^^^^^^^^^^^^
  File "/home/airflow/.local/lib/python3.12/site-packages/airflow/providers/docker/operators/docker.py", line 446, in _run_image_with_mounts
    raise DockerContainerFailedException(f"Docker container failed: {result!r}", logs=log_lines)
airflow.providers.docker.exceptions.DockerContainerFailedException: Docker container failed: {'StatusCode': 1}
[2025-11-30T20:04:40.641+0000] {taskinstance.py:1225} INFO - Marking task as FAILED. dag_id=meltano_irrigation_etl, task_id=run_meltano_etl, run_id=manual__2025-11-30T19:42:47.843705+00:00, execution_date=20251130T194247, start_date=20251130T200315, end_date=20251130T200440
[2025-11-30T20:04:40.696+0000] {taskinstance.py:340} INFO - ::group::Post task execution logs
[2025-11-30T20:04:40.698+0000] {standard_task_runner.py:124} ERROR - Failed to execute job 5 for task run_meltano_etl (Docker container failed: {'StatusCode': 1}; 404)
Traceback (most recent call last):
  File "/home/airflow/.local/lib/python3.12/site-packages/airflow/task/task_runner/standard_task_runner.py", line 117, in _start_by_fork
    ret = args.func(args, dag=self.dag)
          ^^^^^^^^^^^^^^^^^^^^^^^^^^^^^
  File "/home/airflow/.local/lib/python3.12/site-packages/airflow/cli/cli_config.py", line 49, in command
    return func(*args, **kwargs)
           ^^^^^^^^^^^^^^^^^^^^^
  File "/home/airflow/.local/lib/python3.12/site-packages/airflow/utils/cli.py", line 115, in wrapper
    return f(*args, **kwargs)
           ^^^^^^^^^^^^^^^^^^
  File "/home/airflow/.local/lib/python3.12/site-packages/airflow/cli/commands/task_command.py", line 483, in task_run
    task_return_code = _run_task_by_selected_method(args, _dag, ti)
                       ^^^^^^^^^^^^^^^^^^^^^^^^^^^^^^^^^^^^^^^^^^^^
  File "/home/airflow/.local/lib/python3.12/site-packages/airflow/cli/commands/task_command.py", line 256, in _run_task_by_selected_method
    return _run_raw_task(args, ti)
           ^^^^^^^^^^^^^^^^^^^^^^^
  File "/home/airflow/.local/lib/python3.12/site-packages/airflow/cli/commands/task_command.py", line 341, in _run_raw_task
    return ti._run_raw_task(
           ^^^^^^^^^^^^^^^^^
  File "/home/airflow/.local/lib/python3.12/site-packages/airflow/utils/session.py", line 97, in wrapper
    return func(*args, session=session, **kwargs)
           ^^^^^^^^^^^^^^^^^^^^^^^^^^^^^^^^^^^^^^
  File "/home/airflow/.local/lib/python3.12/site-packages/airflow/models/taskinstance.py", line 3004, in _run_raw_task
    return _run_raw_task(
           ^^^^^^^^^^^^^^
  File "/home/airflow/.local/lib/python3.12/site-packages/airflow/models/taskinstance.py", line 273, in _run_raw_task
    TaskInstance._execute_task_with_callbacks(
  File "/home/airflow/.local/lib/python3.12/site-packages/airflow/models/taskinstance.py", line 3158, in _execute_task_with_callbacks
    result = self._execute_task(context, task_orig)
             ^^^^^^^^^^^^^^^^^^^^^^^^^^^^^^^^^^^^^^
  File "/home/airflow/.local/lib/python3.12/site-packages/airflow/models/taskinstance.py", line 3182, in _execute_task
    return _execute_task(self, context, task_orig)
           ^^^^^^^^^^^^^^^^^^^^^^^^^^^^^^^^^^^^^^^
  File "/home/airflow/.local/lib/python3.12/site-packages/airflow/models/taskinstance.py", line 767, in _execute_task
    result = _execute_callable(context=context, **execute_callable_kwargs)
             ^^^^^^^^^^^^^^^^^^^^^^^^^^^^^^^^^^^^^^^^^^^^^^^^^^^^^^^^^^^^^
  File "/home/airflow/.local/lib/python3.12/site-packages/airflow/models/taskinstance.py", line 733, in _execute_callable
    return ExecutionCallableRunner(
           ^^^^^^^^^^^^^^^^^^^^^^^^
  File "/home/airflow/.local/lib/python3.12/site-packages/airflow/utils/operator_helpers.py", line 252, in run
    return self.func(*args, **kwargs)
           ^^^^^^^^^^^^^^^^^^^^^^^^^^
  File "/home/airflow/.local/lib/python3.12/site-packages/airflow/models/baseoperator.py", line 406, in wrapper
    return func(self, *args, **kwargs)
           ^^^^^^^^^^^^^^^^^^^^^^^^^^^
  File "/home/airflow/.local/lib/python3.12/site-packages/airflow/providers/docker/operators/docker.py", line 513, in execute
    return self._run_image()
           ^^^^^^^^^^^^^^^^^
  File "/home/airflow/.local/lib/python3.12/site-packages/airflow/providers/docker/operators/docker.py", line 384, in _run_image
    return self._run_image_with_mounts(self.mounts, add_tmp_variable=False)
           ^^^^^^^^^^^^^^^^^^^^^^^^^^^^^^^^^^^^^^^^^^^^^^^^^^^^^^^^^^^^^^^^
  File "/home/airflow/.local/lib/python3.12/site-packages/airflow/providers/docker/operators/docker.py", line 446, in _run_image_with_mounts
    raise DockerContainerFailedException(f"Docker container failed: {result!r}", logs=log_lines)
airflow.providers.docker.exceptions.DockerContainerFailedException: Docker container failed: {'StatusCode': 1}
[2025-11-30T20:04:40.757+0000] {local_task_job_runner.py:266} INFO - Task exited with return code 1
[2025-11-30T20:04:40.810+0000] {taskinstance.py:3900} INFO - 0 downstream tasks scheduled from follow-on schedule check
[2025-11-30T20:04:40.814+0000] {local_task_job_runner.py:245} INFO - ::endgroup::
